CRITICAL - 2021-10-08 07:39:02 --> Undefined variable: tipo_cuenta
#0 /Users/eduardorodriguez/Sites/localhost/igle_admin/app/Views/Admin/pueblo_edit.php(144): CodeIgniter\Debug\Exceptions->errorHandler(8, 'Undefined varia...', '/Users/eduardor...', 144, Array)
#1 /Users/eduardorodriguez/Sites/localhost/igle_admin/vendor/codeigniter4/framework/system/View/View.php(214): include('/Users/eduardor...')
#2 /Users/eduardorodriguez/Sites/localhost/igle_admin/vendor/codeigniter4/framework/system/View/View.php(217): CodeIgniter\View\View->CodeIgniter\View\{closure}()
#3 /Users/eduardorodriguez/Sites/localhost/igle_admin/vendor/codeigniter4/framework/system/Common.php(1092): CodeIgniter\View\View->render('Admin/pueblo_ed...', Array, true)
#4 /Users/eduardorodriguez/Sites/localhost/igle_admin/app/Controllers/Admin/Pueblo.php(78): view('Admin/pueblo_ed...', Array)
#5 /Users/eduardorodriguez/Sites/localhost/igle_admin/vendor/codeigniter4/framework/system/CodeIgniter.php(802): App\Controllers\Admin\Pueblo->edit('12')
#6 /Users/eduardorodriguez/Sites/localhost/igle_admin/vendor/codeigniter4/framework/system/CodeIgniter.php(399): CodeIgniter\CodeIgniter->runController(Object(App\Controllers\Admin\Pueblo))
#7 /Users/eduardorodriguez/Sites/localhost/igle_admin/vendor/codeigniter4/framework/system/CodeIgniter.php(317): CodeIgniter\CodeIgniter->handleRequest(NULL, Object(Config\Cache), false)
#8 /Users/eduardorodriguez/Sites/localhost/igle_admin/index.php(37): CodeIgniter\CodeIgniter->run()
#9 {main}
CRITICAL - 2021-10-08 07:50:25 --> syntax error, unexpected '?'
#0 /Users/eduardorodriguez/Sites/localhost/igle_admin/vendor/codeigniter4/framework/system/View/View.php(217): CodeIgniter\View\View->CodeIgniter\View\{closure}()
#1 /Users/eduardorodriguez/Sites/localhost/igle_admin/vendor/codeigniter4/framework/system/Common.php(1092): CodeIgniter\View\View->render('Admin/pueblo_ed...', Array, true)
#2 /Users/eduardorodriguez/Sites/localhost/igle_admin/app/Controllers/Admin/Pueblo.php(78): view('Admin/pueblo_ed...', Array)
#3 /Users/eduardorodriguez/Sites/localhost/igle_admin/vendor/codeigniter4/framework/system/CodeIgniter.php(802): App\Controllers\Admin\Pueblo->edit('12')
#4 /Users/eduardorodriguez/Sites/localhost/igle_admin/vendor/codeigniter4/framework/system/CodeIgniter.php(399): CodeIgniter\CodeIgniter->runController(Object(App\Controllers\Admin\Pueblo))
#5 /Users/eduardorodriguez/Sites/localhost/igle_admin/vendor/codeigniter4/framework/system/CodeIgniter.php(317): CodeIgniter\CodeIgniter->handleRequest(NULL, Object(Config\Cache), false)
#6 /Users/eduardorodriguez/Sites/localhost/igle_admin/index.php(37): CodeIgniter\CodeIgniter->run()
#7 {main}
CRITICAL - 2021-10-08 07:51:58 --> syntax error, unexpected 'else' (T_ELSE)
#0 /Users/eduardorodriguez/Sites/localhost/igle_admin/vendor/codeigniter4/framework/system/View/View.php(217): CodeIgniter\View\View->CodeIgniter\View\{closure}()
#1 /Users/eduardorodriguez/Sites/localhost/igle_admin/vendor/codeigniter4/framework/system/Common.php(1092): CodeIgniter\View\View->render('Admin/pueblo_ed...', Array, true)
#2 /Users/eduardorodriguez/Sites/localhost/igle_admin/app/Controllers/Admin/Pueblo.php(78): view('Admin/pueblo_ed...', Array)
#3 /Users/eduardorodriguez/Sites/localhost/igle_admin/vendor/codeigniter4/framework/system/CodeIgniter.php(802): App\Controllers\Admin\Pueblo->edit('12')
#4 /Users/eduardorodriguez/Sites/localhost/igle_admin/vendor/codeigniter4/framework/system/CodeIgniter.php(399): CodeIgniter\CodeIgniter->runController(Object(App\Controllers\Admin\Pueblo))
#5 /Users/eduardorodriguez/Sites/localhost/igle_admin/vendor/codeigniter4/framework/system/CodeIgniter.php(317): CodeIgniter\CodeIgniter->handleRequest(NULL, Object(Config\Cache), false)
#6 /Users/eduardorodriguez/Sites/localhost/igle_admin/index.php(37): CodeIgniter\CodeIgniter->run()
#7 {main}
CRITICAL - 2021-10-08 07:54:00 --> syntax error, unexpected 'echo' (T_ECHO)
#0 /Users/eduardorodriguez/Sites/localhost/igle_admin/vendor/codeigniter4/framework/system/View/View.php(217): CodeIgniter\View\View->CodeIgniter\View\{closure}()
#1 /Users/eduardorodriguez/Sites/localhost/igle_admin/vendor/codeigniter4/framework/system/Common.php(1092): CodeIgniter\View\View->render('Admin/pueblo_ed...', Array, true)
#2 /Users/eduardorodriguez/Sites/localhost/igle_admin/app/Controllers/Admin/Pueblo.php(78): view('Admin/pueblo_ed...', Array)
#3 /Users/eduardorodriguez/Sites/localhost/igle_admin/vendor/codeigniter4/framework/system/CodeIgniter.php(802): App\Controllers\Admin\Pueblo->edit('12')
#4 /Users/eduardorodriguez/Sites/localhost/igle_admin/vendor/codeigniter4/framework/system/CodeIgniter.php(399): CodeIgniter\CodeIgniter->runController(Object(App\Controllers\Admin\Pueblo))
#5 /Users/eduardorodriguez/Sites/localhost/igle_admin/vendor/codeigniter4/framework/system/CodeIgniter.php(317): CodeIgniter\CodeIgniter->handleRequest(NULL, Object(Config\Cache), false)
#6 /Users/eduardorodriguez/Sites/localhost/igle_admin/index.php(37): CodeIgniter\CodeIgniter->run()
#7 {main}
CRITICAL - 2021-10-08 10:55:29 --> Undefined variable: usuario
#0 /Users/eduardorodriguez/Sites/localhost/igle_admin/app/Views/Admin/pueblo_create.php(11): CodeIgniter\Debug\Exceptions->errorHandler(8, 'Undefined varia...', '/Users/eduardor...', 11, Array)
#1 /Users/eduardorodriguez/Sites/localhost/igle_admin/vendor/codeigniter4/framework/system/View/View.php(214): include('/Users/eduardor...')
#2 /Users/eduardorodriguez/Sites/localhost/igle_admin/vendor/codeigniter4/framework/system/View/View.php(217): CodeIgniter\View\View->CodeIgniter\View\{closure}()
#3 /Users/eduardorodriguez/Sites/localhost/igle_admin/vendor/codeigniter4/framework/system/Common.php(1092): CodeIgniter\View\View->render('Admin/pueblo_cr...', Array, true)
#4 /Users/eduardorodriguez/Sites/localhost/igle_admin/app/Controllers/Admin/Pueblo.php(28): view('Admin/pueblo_cr...')
#5 /Users/eduardorodriguez/Sites/localhost/igle_admin/vendor/codeigniter4/framework/system/CodeIgniter.php(802): App\Controllers\Admin\Pueblo->create()
#6 /Users/eduardorodriguez/Sites/localhost/igle_admin/vendor/codeigniter4/framework/system/CodeIgniter.php(399): CodeIgniter\CodeIgniter->runController(Object(App\Controllers\Admin\Pueblo))
#7 /Users/eduardorodriguez/Sites/localhost/igle_admin/vendor/codeigniter4/framework/system/CodeIgniter.php(317): CodeIgniter\CodeIgniter->handleRequest(NULL, Object(Config\Cache), false)
#8 /Users/eduardorodriguez/Sites/localhost/igle_admin/index.php(37): CodeIgniter\CodeIgniter->run()
#9 {main}
CRITICAL - 2021-10-08 10:56:01 --> Undefined variable: usuario
#0 /Users/eduardorodriguez/Sites/localhost/igle_admin/app/Views/Admin/pueblo_create.php(32): CodeIgniter\Debug\Exceptions->errorHandler(8, 'Undefined varia...', '/Users/eduardor...', 32, Array)
#1 /Users/eduardorodriguez/Sites/localhost/igle_admin/vendor/codeigniter4/framework/system/View/View.php(214): include('/Users/eduardor...')
#2 /Users/eduardorodriguez/Sites/localhost/igle_admin/vendor/codeigniter4/framework/system/View/View.php(217): CodeIgniter\View\View->CodeIgniter\View\{closure}()
#3 /Users/eduardorodriguez/Sites/localhost/igle_admin/vendor/codeigniter4/framework/system/Common.php(1092): CodeIgniter\View\View->render('Admin/pueblo_cr...', Array, true)
#4 /Users/eduardorodriguez/Sites/localhost/igle_admin/app/Controllers/Admin/Pueblo.php(28): view('Admin/pueblo_cr...')
#5 /Users/eduardorodriguez/Sites/localhost/igle_admin/vendor/codeigniter4/framework/system/CodeIgniter.php(802): App\Controllers\Admin\Pueblo->create()
#6 /Users/eduardorodriguez/Sites/localhost/igle_admin/vendor/codeigniter4/framework/system/CodeIgniter.php(399): CodeIgniter\CodeIgniter->runController(Object(App\Controllers\Admin\Pueblo))
#7 /Users/eduardorodriguez/Sites/localhost/igle_admin/vendor/codeigniter4/framework/system/CodeIgniter.php(317): CodeIgniter\CodeIgniter->handleRequest(NULL, Object(Config\Cache), false)
#8 /Users/eduardorodriguez/Sites/localhost/igle_admin/index.php(37): CodeIgniter\CodeIgniter->run()
#9 {main}
CRITICAL - 2021-10-08 10:56:16 --> Undefined variable: usuario
#0 /Users/eduardorodriguez/Sites/localhost/igle_admin/app/Views/Admin/pueblo_create.php(32): CodeIgniter\Debug\Exceptions->errorHandler(8, 'Undefined varia...', '/Users/eduardor...', 32, Array)
#1 /Users/eduardorodriguez/Sites/localhost/igle_admin/vendor/codeigniter4/framework/system/View/View.php(214): include('/Users/eduardor...')
#2 /Users/eduardorodriguez/Sites/localhost/igle_admin/vendor/codeigniter4/framework/system/View/View.php(217): CodeIgniter\View\View->CodeIgniter\View\{closure}()
#3 /Users/eduardorodriguez/Sites/localhost/igle_admin/vendor/codeigniter4/framework/system/Common.php(1092): CodeIgniter\View\View->render('Admin/pueblo_cr...', Array, true)
#4 /Users/eduardorodriguez/Sites/localhost/igle_admin/app/Controllers/Admin/Pueblo.php(28): view('Admin/pueblo_cr...')
#5 /Users/eduardorodriguez/Sites/localhost/igle_admin/vendor/codeigniter4/framework/system/CodeIgniter.php(802): App\Controllers\Admin\Pueblo->create()
#6 /Users/eduardorodriguez/Sites/localhost/igle_admin/vendor/codeigniter4/framework/system/CodeIgniter.php(399): CodeIgniter\CodeIgniter->runController(Object(App\Controllers\Admin\Pueblo))
#7 /Users/eduardorodriguez/Sites/localhost/igle_admin/vendor/codeigniter4/framework/system/CodeIgniter.php(317): CodeIgniter\CodeIgniter->handleRequest(NULL, Object(Config\Cache), false)
#8 /Users/eduardorodriguez/Sites/localhost/igle_admin/index.php(37): CodeIgniter\CodeIgniter->run()
#9 {main}
CRITICAL - 2021-10-08 10:56:35 --> Undefined variable: usuario
#0 /Users/eduardorodriguez/Sites/localhost/igle_admin/app/Views/Admin/pueblo_create.php(41): CodeIgniter\Debug\Exceptions->errorHandler(8, 'Undefined varia...', '/Users/eduardor...', 41, Array)
#1 /Users/eduardorodriguez/Sites/localhost/igle_admin/vendor/codeigniter4/framework/system/View/View.php(214): include('/Users/eduardor...')
#2 /Users/eduardorodriguez/Sites/localhost/igle_admin/vendor/codeigniter4/framework/system/View/View.php(217): CodeIgniter\View\View->CodeIgniter\View\{closure}()
#3 /Users/eduardorodriguez/Sites/localhost/igle_admin/vendor/codeigniter4/framework/system/Common.php(1092): CodeIgniter\View\View->render('Admin/pueblo_cr...', Array, true)
#4 /Users/eduardorodriguez/Sites/localhost/igle_admin/app/Controllers/Admin/Pueblo.php(28): view('Admin/pueblo_cr...')
#5 /Users/eduardorodriguez/Sites/localhost/igle_admin/vendor/codeigniter4/framework/system/CodeIgniter.php(802): App\Controllers\Admin\Pueblo->create()
#6 /Users/eduardorodriguez/Sites/localhost/igle_admin/vendor/codeigniter4/framework/system/CodeIgniter.php(399): CodeIgniter\CodeIgniter->runController(Object(App\Controllers\Admin\Pueblo))
#7 /Users/eduardorodriguez/Sites/localhost/igle_admin/vendor/codeigniter4/framework/system/CodeIgniter.php(317): CodeIgniter\CodeIgniter->handleRequest(NULL, Object(Config\Cache), false)
#8 /Users/eduardorodriguez/Sites/localhost/igle_admin/index.php(37): CodeIgniter\CodeIgniter->run()
#9 {main}
CRITICAL - 2021-10-08 11:40:13 --> syntax error, unexpected ';', expecting ']'
#0 /Users/eduardorodriguez/Sites/localhost/igle_admin/vendor/codeigniter4/framework/system/Autoloader/Autoloader.php(241): CodeIgniter\Autoloader\Autoloader->includeFile('/Users/eduardor...')
#1 /Users/eduardorodriguez/Sites/localhost/igle_admin/vendor/codeigniter4/framework/system/Autoloader/Autoloader.php(219): CodeIgniter\Autoloader\Autoloader->loadInNamespace('App\\Controllers...')
#2 [internal function]: CodeIgniter\Autoloader\Autoloader->loadClass('App\\Controllers...')
#3 [internal function]: spl_autoload_call('App\\Controllers...')
#4 /Users/eduardorodriguez/Sites/localhost/igle_admin/vendor/codeigniter4/framework/system/CodeIgniter.php(767): class_exists('\\App\\Controller...', true)
#5 /Users/eduardorodriguez/Sites/localhost/igle_admin/vendor/codeigniter4/framework/system/CodeIgniter.php(386): CodeIgniter\CodeIgniter->startController()
#6 /Users/eduardorodriguez/Sites/localhost/igle_admin/vendor/codeigniter4/framework/system/CodeIgniter.php(317): CodeIgniter\CodeIgniter->handleRequest(NULL, Object(Config\Cache), false)
#7 /Users/eduardorodriguez/Sites/localhost/igle_admin/index.php(37): CodeIgniter\CodeIgniter->run()
#8 {main}
CRITICAL - 2021-10-08 11:40:14 --> syntax error, unexpected ';', expecting ']'
#0 /Users/eduardorodriguez/Sites/localhost/igle_admin/vendor/codeigniter4/framework/system/Autoloader/Autoloader.php(241): CodeIgniter\Autoloader\Autoloader->includeFile('/Users/eduardor...')
#1 /Users/eduardorodriguez/Sites/localhost/igle_admin/vendor/codeigniter4/framework/system/Autoloader/Autoloader.php(219): CodeIgniter\Autoloader\Autoloader->loadInNamespace('App\\Controllers...')
#2 [internal function]: CodeIgniter\Autoloader\Autoloader->loadClass('App\\Controllers...')
#3 [internal function]: spl_autoload_call('App\\Controllers...')
#4 /Users/eduardorodriguez/Sites/localhost/igle_admin/vendor/codeigniter4/framework/system/CodeIgniter.php(767): class_exists('\\App\\Controller...', true)
#5 /Users/eduardorodriguez/Sites/localhost/igle_admin/vendor/codeigniter4/framework/system/CodeIgniter.php(386): CodeIgniter\CodeIgniter->startController()
#6 /Users/eduardorodriguez/Sites/localhost/igle_admin/vendor/codeigniter4/framework/system/CodeIgniter.php(317): CodeIgniter\CodeIgniter->handleRequest(NULL, Object(Config\Cache), false)
#7 /Users/eduardorodriguez/Sites/localhost/igle_admin/index.php(37): CodeIgniter\CodeIgniter->run()
#8 {main}
CRITICAL - 2021-10-08 11:40:37 --> syntax error, unexpected ''first_name'' (T_CONSTANT_ENCAPSED_STRING), expecting ']'
#0 /Users/eduardorodriguez/Sites/localhost/igle_admin/vendor/codeigniter4/framework/system/Autoloader/Autoloader.php(241): CodeIgniter\Autoloader\Autoloader->includeFile('/Users/eduardor...')
#1 /Users/eduardorodriguez/Sites/localhost/igle_admin/vendor/codeigniter4/framework/system/Autoloader/Autoloader.php(219): CodeIgniter\Autoloader\Autoloader->loadInNamespace('App\\Controllers...')
#2 [internal function]: CodeIgniter\Autoloader\Autoloader->loadClass('App\\Controllers...')
#3 [internal function]: spl_autoload_call('App\\Controllers...')
#4 /Users/eduardorodriguez/Sites/localhost/igle_admin/vendor/codeigniter4/framework/system/CodeIgniter.php(767): class_exists('\\App\\Controller...', true)
#5 /Users/eduardorodriguez/Sites/localhost/igle_admin/vendor/codeigniter4/framework/system/CodeIgniter.php(386): CodeIgniter\CodeIgniter->startController()
#6 /Users/eduardorodriguez/Sites/localhost/igle_admin/vendor/codeigniter4/framework/system/CodeIgniter.php(317): CodeIgniter\CodeIgniter->handleRequest(NULL, Object(Config\Cache), false)
#7 /Users/eduardorodriguez/Sites/localhost/igle_admin/index.php(37): CodeIgniter\CodeIgniter->run()
#8 {main}
CRITICAL - 2021-10-08 11:43:27 --> Undefined variable: datamuca
#0 /Users/eduardorodriguez/Sites/localhost/igle_admin/app/Views/Admin/pueblo_create.php(268): CodeIgniter\Debug\Exceptions->errorHandler(8, 'Undefined varia...', '/Users/eduardor...', 268, Array)
#1 /Users/eduardorodriguez/Sites/localhost/igle_admin/vendor/codeigniter4/framework/system/View/View.php(214): include('/Users/eduardor...')
#2 /Users/eduardorodriguez/Sites/localhost/igle_admin/vendor/codeigniter4/framework/system/View/View.php(217): CodeIgniter\View\View->CodeIgniter\View\{closure}()
#3 /Users/eduardorodriguez/Sites/localhost/igle_admin/vendor/codeigniter4/framework/system/Common.php(1092): CodeIgniter\View\View->render('Admin/pueblo_cr...', Array, true)
#4 /Users/eduardorodriguez/Sites/localhost/igle_admin/app/Controllers/Admin/Pueblo.php(33): view('Admin/pueblo_cr...', Array)
#5 /Users/eduardorodriguez/Sites/localhost/igle_admin/vendor/codeigniter4/framework/system/CodeIgniter.php(802): App\Controllers\Admin\Pueblo->create()
#6 /Users/eduardorodriguez/Sites/localhost/igle_admin/vendor/codeigniter4/framework/system/CodeIgniter.php(399): CodeIgniter\CodeIgniter->runController(Object(App\Controllers\Admin\Pueblo))
#7 /Users/eduardorodriguez/Sites/localhost/igle_admin/vendor/codeigniter4/framework/system/CodeIgniter.php(317): CodeIgniter\CodeIgniter->handleRequest(NULL, Object(Config\Cache), false)
#8 /Users/eduardorodriguez/Sites/localhost/igle_admin/index.php(37): CodeIgniter\CodeIgniter->run()
#9 {main}
CRITICAL - 2021-10-08 11:45:35 --> Undefined variable: account
#0 /Users/eduardorodriguez/Sites/localhost/igle_admin/app/Views/Admin/pueblo_create.php(268): CodeIgniter\Debug\Exceptions->errorHandler(8, 'Undefined varia...', '/Users/eduardor...', 268, Array)
#1 /Users/eduardorodriguez/Sites/localhost/igle_admin/vendor/codeigniter4/framework/system/View/View.php(214): include('/Users/eduardor...')
#2 /Users/eduardorodriguez/Sites/localhost/igle_admin/vendor/codeigniter4/framework/system/View/View.php(217): CodeIgniter\View\View->CodeIgniter\View\{closure}()
#3 /Users/eduardorodriguez/Sites/localhost/igle_admin/vendor/codeigniter4/framework/system/Common.php(1092): CodeIgniter\View\View->render('Admin/pueblo_cr...', Array, true)
#4 /Users/eduardorodriguez/Sites/localhost/igle_admin/app/Controllers/Admin/Pueblo.php(33): view('Admin/pueblo_cr...', Array)
#5 /Users/eduardorodriguez/Sites/localhost/igle_admin/vendor/codeigniter4/framework/system/CodeIgniter.php(802): App\Controllers\Admin\Pueblo->create()
#6 /Users/eduardorodriguez/Sites/localhost/igle_admin/vendor/codeigniter4/framework/system/CodeIgniter.php(399): CodeIgniter\CodeIgniter->runController(Object(App\Controllers\Admin\Pueblo))
#7 /Users/eduardorodriguez/Sites/localhost/igle_admin/vendor/codeigniter4/framework/system/CodeIgniter.php(317): CodeIgniter\CodeIgniter->handleRequest(NULL, Object(Config\Cache), false)
#8 /Users/eduardorodriguez/Sites/localhost/igle_admin/index.php(37): CodeIgniter\CodeIgniter->run()
#9 {main}
CRITICAL - 2021-10-08 11:51:10 --> syntax error, unexpected ';'
#0 /Users/eduardorodriguez/Sites/localhost/igle_admin/vendor/codeigniter4/framework/system/View/View.php(217): CodeIgniter\View\View->CodeIgniter\View\{closure}()
#1 /Users/eduardorodriguez/Sites/localhost/igle_admin/vendor/codeigniter4/framework/system/Common.php(1092): CodeIgniter\View\View->render('Admin/pueblo_cr...', Array, true)
#2 /Users/eduardorodriguez/Sites/localhost/igle_admin/app/Controllers/Admin/Pueblo.php(33): view('Admin/pueblo_cr...', Array)
#3 /Users/eduardorodriguez/Sites/localhost/igle_admin/vendor/codeigniter4/framework/system/CodeIgniter.php(802): App\Controllers\Admin\Pueblo->create()
#4 /Users/eduardorodriguez/Sites/localhost/igle_admin/vendor/codeigniter4/framework/system/CodeIgniter.php(399): CodeIgniter\CodeIgniter->runController(Object(App\Controllers\Admin\Pueblo))
#5 /Users/eduardorodriguez/Sites/localhost/igle_admin/vendor/codeigniter4/framework/system/CodeIgniter.php(317): CodeIgniter\CodeIgniter->handleRequest(NULL, Object(Config\Cache), false)
#6 /Users/eduardorodriguez/Sites/localhost/igle_admin/index.php(37): CodeIgniter\CodeIgniter->run()
#7 {main}
CRITICAL - 2021-10-08 11:51:22 --> syntax error, unexpected 'if' (T_IF)
#0 /Users/eduardorodriguez/Sites/localhost/igle_admin/vendor/codeigniter4/framework/system/View/View.php(217): CodeIgniter\View\View->CodeIgniter\View\{closure}()
#1 /Users/eduardorodriguez/Sites/localhost/igle_admin/vendor/codeigniter4/framework/system/Common.php(1092): CodeIgniter\View\View->render('Admin/pueblo_cr...', Array, true)
#2 /Users/eduardorodriguez/Sites/localhost/igle_admin/app/Controllers/Admin/Pueblo.php(33): view('Admin/pueblo_cr...', Array)
#3 /Users/eduardorodriguez/Sites/localhost/igle_admin/vendor/codeigniter4/framework/system/CodeIgniter.php(802): App\Controllers\Admin\Pueblo->create()
#4 /Users/eduardorodriguez/Sites/localhost/igle_admin/vendor/codeigniter4/framework/system/CodeIgniter.php(399): CodeIgniter\CodeIgniter->runController(Object(App\Controllers\Admin\Pueblo))
#5 /Users/eduardorodriguez/Sites/localhost/igle_admin/vendor/codeigniter4/framework/system/CodeIgniter.php(317): CodeIgniter\CodeIgniter->handleRequest(NULL, Object(Config\Cache), false)
#6 /Users/eduardorodriguez/Sites/localhost/igle_admin/index.php(37): CodeIgniter\CodeIgniter->run()
#7 {main}
CRITICAL - 2021-10-08 11:51:31 --> syntax error, unexpected 'if' (T_IF)
#0 /Users/eduardorodriguez/Sites/localhost/igle_admin/vendor/codeigniter4/framework/system/View/View.php(217): CodeIgniter\View\View->CodeIgniter\View\{closure}()
#1 /Users/eduardorodriguez/Sites/localhost/igle_admin/vendor/codeigniter4/framework/system/Common.php(1092): CodeIgniter\View\View->render('Admin/pueblo_cr...', Array, true)
#2 /Users/eduardorodriguez/Sites/localhost/igle_admin/app/Controllers/Admin/Pueblo.php(33): view('Admin/pueblo_cr...', Array)
#3 /Users/eduardorodriguez/Sites/localhost/igle_admin/vendor/codeigniter4/framework/system/CodeIgniter.php(802): App\Controllers\Admin\Pueblo->create()
#4 /Users/eduardorodriguez/Sites/localhost/igle_admin/vendor/codeigniter4/framework/system/CodeIgniter.php(399): CodeIgniter\CodeIgniter->runController(Object(App\Controllers\Admin\Pueblo))
#5 /Users/eduardorodriguez/Sites/localhost/igle_admin/vendor/codeigniter4/framework/system/CodeIgniter.php(317): CodeIgniter\CodeIgniter->handleRequest(NULL, Object(Config\Cache), false)
#6 /Users/eduardorodriguez/Sites/localhost/igle_admin/index.php(37): CodeIgniter\CodeIgniter->run()
#7 {main}
CRITICAL - 2021-10-08 11:51:52 --> syntax error, unexpected 'if' (T_IF)
#0 /Users/eduardorodriguez/Sites/localhost/igle_admin/vendor/codeigniter4/framework/system/View/View.php(217): CodeIgniter\View\View->CodeIgniter\View\{closure}()
#1 /Users/eduardorodriguez/Sites/localhost/igle_admin/vendor/codeigniter4/framework/system/Common.php(1092): CodeIgniter\View\View->render('Admin/pueblo_cr...', Array, true)
#2 /Users/eduardorodriguez/Sites/localhost/igle_admin/app/Controllers/Admin/Pueblo.php(33): view('Admin/pueblo_cr...', Array)
#3 /Users/eduardorodriguez/Sites/localhost/igle_admin/vendor/codeigniter4/framework/system/CodeIgniter.php(802): App\Controllers\Admin\Pueblo->create()
#4 /Users/eduardorodriguez/Sites/localhost/igle_admin/vendor/codeigniter4/framework/system/CodeIgniter.php(399): CodeIgniter\CodeIgniter->runController(Object(App\Controllers\Admin\Pueblo))
#5 /Users/eduardorodriguez/Sites/localhost/igle_admin/vendor/codeigniter4/framework/system/CodeIgniter.php(317): CodeIgniter\CodeIgniter->handleRequest(NULL, Object(Config\Cache), false)
#6 /Users/eduardorodriguez/Sites/localhost/igle_admin/index.php(37): CodeIgniter\CodeIgniter->run()
#7 {main}
CRITICAL - 2021-10-08 11:52:10 --> syntax error, unexpected 'if' (T_IF)
#0 /Users/eduardorodriguez/Sites/localhost/igle_admin/vendor/codeigniter4/framework/system/View/View.php(217): CodeIgniter\View\View->CodeIgniter\View\{closure}()
#1 /Users/eduardorodriguez/Sites/localhost/igle_admin/vendor/codeigniter4/framework/system/Common.php(1092): CodeIgniter\View\View->render('Admin/pueblo_cr...', Array, true)
#2 /Users/eduardorodriguez/Sites/localhost/igle_admin/app/Controllers/Admin/Pueblo.php(33): view('Admin/pueblo_cr...', Array)
#3 /Users/eduardorodriguez/Sites/localhost/igle_admin/vendor/codeigniter4/framework/system/CodeIgniter.php(802): App\Controllers\Admin\Pueblo->create()
#4 /Users/eduardorodriguez/Sites/localhost/igle_admin/vendor/codeigniter4/framework/system/CodeIgniter.php(399): CodeIgniter\CodeIgniter->runController(Object(App\Controllers\Admin\Pueblo))
#5 /Users/eduardorodriguez/Sites/localhost/igle_admin/vendor/codeigniter4/framework/system/CodeIgniter.php(317): CodeIgniter\CodeIgniter->handleRequest(NULL, Object(Config\Cache), false)
#6 /Users/eduardorodriguez/Sites/localhost/igle_admin/index.php(37): CodeIgniter\CodeIgniter->run()
#7 {main}
CRITICAL - 2021-10-08 12:06:18 --> Cannot declare class App\Models\EstadocivilModel, because the name is already in use
#0 [internal function]: CodeIgniter\Debug\Exceptions->shutdownHandler()
#1 {main}
CRITICAL - 2021-10-08 12:06:30 --> Undefined property: stdClass::$id_estado
#0 /Users/eduardorodriguez/Sites/localhost/igle_admin/app/Views/Admin/pueblo_create.php(188): CodeIgniter\Debug\Exceptions->errorHandler(8, 'Undefined prope...', '/Users/eduardor...', 188, Array)
#1 /Users/eduardorodriguez/Sites/localhost/igle_admin/vendor/codeigniter4/framework/system/View/View.php(214): include('/Users/eduardor...')
#2 /Users/eduardorodriguez/Sites/localhost/igle_admin/vendor/codeigniter4/framework/system/View/View.php(217): CodeIgniter\View\View->CodeIgniter\View\{closure}()
#3 /Users/eduardorodriguez/Sites/localhost/igle_admin/vendor/codeigniter4/framework/system/Common.php(1092): CodeIgniter\View\View->render('Admin/pueblo_cr...', Array, true)
#4 /Users/eduardorodriguez/Sites/localhost/igle_admin/app/Controllers/Admin/Pueblo.php(37): view('Admin/pueblo_cr...', Array)
#5 /Users/eduardorodriguez/Sites/localhost/igle_admin/vendor/codeigniter4/framework/system/CodeIgniter.php(802): App\Controllers\Admin\Pueblo->create()
#6 /Users/eduardorodriguez/Sites/localhost/igle_admin/vendor/codeigniter4/framework/system/CodeIgniter.php(399): CodeIgniter\CodeIgniter->runController(Object(App\Controllers\Admin\Pueblo))
#7 /Users/eduardorodriguez/Sites/localhost/igle_admin/vendor/codeigniter4/framework/system/CodeIgniter.php(317): CodeIgniter\CodeIgniter->handleRequest(NULL, Object(Config\Cache), false)
#8 /Users/eduardorodriguez/Sites/localhost/igle_admin/index.php(37): CodeIgniter\CodeIgniter->run()
#9 {main}
CRITICAL - 2021-10-08 12:07:30 --> Undefined variable: cargo
#0 /Users/eduardorodriguez/Sites/localhost/igle_admin/app/Views/Admin/pueblo_create.php(189): CodeIgniter\Debug\Exceptions->errorHandler(8, 'Undefined varia...', '/Users/eduardor...', 189, Array)
#1 /Users/eduardorodriguez/Sites/localhost/igle_admin/vendor/codeigniter4/framework/system/View/View.php(214): include('/Users/eduardor...')
#2 /Users/eduardorodriguez/Sites/localhost/igle_admin/vendor/codeigniter4/framework/system/View/View.php(217): CodeIgniter\View\View->CodeIgniter\View\{closure}()
#3 /Users/eduardorodriguez/Sites/localhost/igle_admin/vendor/codeigniter4/framework/system/Common.php(1092): CodeIgniter\View\View->render('Admin/pueblo_cr...', Array, true)
#4 /Users/eduardorodriguez/Sites/localhost/igle_admin/app/Controllers/Admin/Pueblo.php(37): view('Admin/pueblo_cr...', Array)
#5 /Users/eduardorodriguez/Sites/localhost/igle_admin/vendor/codeigniter4/framework/system/CodeIgniter.php(802): App\Controllers\Admin\Pueblo->create()
#6 /Users/eduardorodriguez/Sites/localhost/igle_admin/vendor/codeigniter4/framework/system/CodeIgniter.php(399): CodeIgniter\CodeIgniter->runController(Object(App\Controllers\Admin\Pueblo))
#7 /Users/eduardorodriguez/Sites/localhost/igle_admin/vendor/codeigniter4/framework/system/CodeIgniter.php(317): CodeIgniter\CodeIgniter->handleRequest(NULL, Object(Config\Cache), false)
#8 /Users/eduardorodriguez/Sites/localhost/igle_admin/index.php(37): CodeIgniter\CodeIgniter->run()
#9 {main}
CRITICAL - 2021-10-08 12:07:45 --> Undefined property: stdClass::$cod_group
#0 /Users/eduardorodriguez/Sites/localhost/igle_admin/app/Views/Admin/pueblo_create.php(189): CodeIgniter\Debug\Exceptions->errorHandler(8, 'Undefined prope...', '/Users/eduardor...', 189, Array)
#1 /Users/eduardorodriguez/Sites/localhost/igle_admin/vendor/codeigniter4/framework/system/View/View.php(214): include('/Users/eduardor...')
#2 /Users/eduardorodriguez/Sites/localhost/igle_admin/vendor/codeigniter4/framework/system/View/View.php(217): CodeIgniter\View\View->CodeIgniter\View\{closure}()
#3 /Users/eduardorodriguez/Sites/localhost/igle_admin/vendor/codeigniter4/framework/system/Common.php(1092): CodeIgniter\View\View->render('Admin/pueblo_cr...', Array, true)
#4 /Users/eduardorodriguez/Sites/localhost/igle_admin/app/Controllers/Admin/Pueblo.php(37): view('Admin/pueblo_cr...', Array)
#5 /Users/eduardorodriguez/Sites/localhost/igle_admin/vendor/codeigniter4/framework/system/CodeIgniter.php(802): App\Controllers\Admin\Pueblo->create()
#6 /Users/eduardorodriguez/Sites/localhost/igle_admin/vendor/codeigniter4/framework/system/CodeIgniter.php(399): CodeIgniter\CodeIgniter->runController(Object(App\Controllers\Admin\Pueblo))
#7 /Users/eduardorodriguez/Sites/localhost/igle_admin/vendor/codeigniter4/framework/system/CodeIgniter.php(317): CodeIgniter\CodeIgniter->handleRequest(NULL, Object(Config\Cache), false)
#8 /Users/eduardorodriguez/Sites/localhost/igle_admin/index.php(37): CodeIgniter\CodeIgniter->run()
#9 {main}
ERROR - 2021-10-08 12:34:44 --> Unknown column 'gobierno.deleted_at' in 'where clause'
CRITICAL - 2021-10-08 12:34:44 --> Unknown column 'gobierno.deleted_at' in 'where clause'
#0 /Users/eduardorodriguez/Sites/localhost/igle_admin/vendor/codeigniter4/framework/system/Database/MySQLi/Connection.php(280): mysqli->query('SELECT *\nFROM `...')
#1 /Users/eduardorodriguez/Sites/localhost/igle_admin/vendor/codeigniter4/framework/system/Database/BaseConnection.php(663): CodeIgniter\Database\MySQLi\Connection->execute('SELECT *\nFROM `...')
#2 /Users/eduardorodriguez/Sites/localhost/igle_admin/vendor/codeigniter4/framework/system/Database/BaseConnection.php(591): CodeIgniter\Database\BaseConnection->simpleQuery('SELECT *\nFROM `...')
#3 /Users/eduardorodriguez/Sites/localhost/igle_admin/vendor/codeigniter4/framework/system/Database/BaseBuilder.php(1428): CodeIgniter\Database\BaseConnection->query('SELECT *\nFROM `...', Array, false)
#4 /Users/eduardorodriguez/Sites/localhost/igle_admin/vendor/codeigniter4/framework/system/Model.php(183): CodeIgniter\Database\BaseBuilder->get()
#5 /Users/eduardorodriguez/Sites/localhost/igle_admin/vendor/codeigniter4/framework/system/BaseModel.php(584): CodeIgniter\Model->doFindAll(0, 0)
#6 /Users/eduardorodriguez/Sites/localhost/igle_admin/app/Controllers/Admin/Pueblo.php(40): CodeIgniter\BaseModel->findAll()
#7 /Users/eduardorodriguez/Sites/localhost/igle_admin/vendor/codeigniter4/framework/system/CodeIgniter.php(802): App\Controllers\Admin\Pueblo->create()
#8 /Users/eduardorodriguez/Sites/localhost/igle_admin/vendor/codeigniter4/framework/system/CodeIgniter.php(399): CodeIgniter\CodeIgniter->runController(Object(App\Controllers\Admin\Pueblo))
#9 /Users/eduardorodriguez/Sites/localhost/igle_admin/vendor/codeigniter4/framework/system/CodeIgniter.php(317): CodeIgniter\CodeIgniter->handleRequest(NULL, Object(Config\Cache), false)
#10 /Users/eduardorodriguez/Sites/localhost/igle_admin/index.php(37): CodeIgniter\CodeIgniter->run()
#11 {main}
CRITICAL - 2021-10-08 12:49:17 --> Undefined variable: gobierno
#0 /Users/eduardorodriguez/Sites/localhost/igle_admin/app/Views/Admin/pueblo_create.php(258): CodeIgniter\Debug\Exceptions->errorHandler(8, 'Undefined varia...', '/Users/eduardor...', 258, Array)
#1 /Users/eduardorodriguez/Sites/localhost/igle_admin/vendor/codeigniter4/framework/system/View/View.php(214): include('/Users/eduardor...')
#2 /Users/eduardorodriguez/Sites/localhost/igle_admin/vendor/codeigniter4/framework/system/View/View.php(217): CodeIgniter\View\View->CodeIgniter\View\{closure}()
#3 /Users/eduardorodriguez/Sites/localhost/igle_admin/vendor/codeigniter4/framework/system/Common.php(1092): CodeIgniter\View\View->render('Admin/pueblo_cr...', Array, true)
#4 /Users/eduardorodriguez/Sites/localhost/igle_admin/app/Controllers/Admin/Pueblo.php(40): view('Admin/pueblo_cr...', Array)
#5 /Users/eduardorodriguez/Sites/localhost/igle_admin/vendor/codeigniter4/framework/system/CodeIgniter.php(802): App\Controllers\Admin\Pueblo->create()
#6 /Users/eduardorodriguez/Sites/localhost/igle_admin/vendor/codeigniter4/framework/system/CodeIgniter.php(399): CodeIgniter\CodeIgniter->runController(Object(App\Controllers\Admin\Pueblo))
#7 /Users/eduardorodriguez/Sites/localhost/igle_admin/vendor/codeigniter4/framework/system/CodeIgniter.php(317): CodeIgniter\CodeIgniter->handleRequest(NULL, Object(Config\Cache), false)
#8 /Users/eduardorodriguez/Sites/localhost/igle_admin/index.php(37): CodeIgniter\CodeIgniter->run()
#9 {main}
CRITICAL - 2021-10-08 12:55:10 --> Class 'App\Models\GobiernoModel' not found
#0 /Users/eduardorodriguez/Sites/localhost/igle_admin/vendor/codeigniter4/framework/system/CodeIgniter.php(802): App\Controllers\Admin\Pueblo->create()
#1 /Users/eduardorodriguez/Sites/localhost/igle_admin/vendor/codeigniter4/framework/system/CodeIgniter.php(399): CodeIgniter\CodeIgniter->runController(Object(App\Controllers\Admin\Pueblo))
#2 /Users/eduardorodriguez/Sites/localhost/igle_admin/vendor/codeigniter4/framework/system/CodeIgniter.php(317): CodeIgniter\CodeIgniter->handleRequest(NULL, Object(Config\Cache), false)
#3 /Users/eduardorodriguez/Sites/localhost/igle_admin/index.php(37): CodeIgniter\CodeIgniter->run()
#4 {main}
CRITICAL - 2021-10-08 12:55:38 --> Class 'App\Models\GobiernoModel' not found
#0 /Users/eduardorodriguez/Sites/localhost/igle_admin/vendor/codeigniter4/framework/system/CodeIgniter.php(802): App\Controllers\Admin\Pueblo->create()
#1 /Users/eduardorodriguez/Sites/localhost/igle_admin/vendor/codeigniter4/framework/system/CodeIgniter.php(399): CodeIgniter\CodeIgniter->runController(Object(App\Controllers\Admin\Pueblo))
#2 /Users/eduardorodriguez/Sites/localhost/igle_admin/vendor/codeigniter4/framework/system/CodeIgniter.php(317): CodeIgniter\CodeIgniter->handleRequest(NULL, Object(Config\Cache), false)
#3 /Users/eduardorodriguez/Sites/localhost/igle_admin/index.php(37): CodeIgniter\CodeIgniter->run()
#4 {main}
CRITICAL - 2021-10-08 12:56:30 --> Class 'App\Models\GobiernosModel' not found
#0 /Users/eduardorodriguez/Sites/localhost/igle_admin/vendor/codeigniter4/framework/system/CodeIgniter.php(802): App\Controllers\Admin\Pueblo->create()
#1 /Users/eduardorodriguez/Sites/localhost/igle_admin/vendor/codeigniter4/framework/system/CodeIgniter.php(399): CodeIgniter\CodeIgniter->runController(Object(App\Controllers\Admin\Pueblo))
#2 /Users/eduardorodriguez/Sites/localhost/igle_admin/vendor/codeigniter4/framework/system/CodeIgniter.php(317): CodeIgniter\CodeIgniter->handleRequest(NULL, Object(Config\Cache), false)
#3 /Users/eduardorodriguez/Sites/localhost/igle_admin/index.php(37): CodeIgniter\CodeIgniter->run()
#4 {main}
CRITICAL - 2021-10-08 12:57:11 --> Class 'App\Models\GobiernosModel' not found
#0 /Users/eduardorodriguez/Sites/localhost/igle_admin/vendor/codeigniter4/framework/system/CodeIgniter.php(802): App\Controllers\Admin\Pueblo->create()
#1 /Users/eduardorodriguez/Sites/localhost/igle_admin/vendor/codeigniter4/framework/system/CodeIgniter.php(399): CodeIgniter\CodeIgniter->runController(Object(App\Controllers\Admin\Pueblo))
#2 /Users/eduardorodriguez/Sites/localhost/igle_admin/vendor/codeigniter4/framework/system/CodeIgniter.php(317): CodeIgniter\CodeIgniter->handleRequest(NULL, Object(Config\Cache), false)
#3 /Users/eduardorodriguez/Sites/localhost/igle_admin/index.php(37): CodeIgniter\CodeIgniter->run()
#4 {main}
CRITICAL - 2021-10-08 12:57:51 --> Class 'App\Models\GobiernosModel' not found
#0 /Users/eduardorodriguez/Sites/localhost/igle_admin/vendor/codeigniter4/framework/system/CodeIgniter.php(802): App\Controllers\Admin\Pueblo->create()
#1 /Users/eduardorodriguez/Sites/localhost/igle_admin/vendor/codeigniter4/framework/system/CodeIgniter.php(399): CodeIgniter\CodeIgniter->runController(Object(App\Controllers\Admin\Pueblo))
#2 /Users/eduardorodriguez/Sites/localhost/igle_admin/vendor/codeigniter4/framework/system/CodeIgniter.php(317): CodeIgniter\CodeIgniter->handleRequest(NULL, Object(Config\Cache), false)
#3 /Users/eduardorodriguez/Sites/localhost/igle_admin/index.php(37): CodeIgniter\CodeIgniter->run()
#4 {main}
CRITICAL - 2021-10-08 12:58:34 --> Class 'App\Models\GobiernosModel' not found
#0 /Users/eduardorodriguez/Sites/localhost/igle_admin/vendor/codeigniter4/framework/system/CodeIgniter.php(802): App\Controllers\Admin\Pueblo->create()
#1 /Users/eduardorodriguez/Sites/localhost/igle_admin/vendor/codeigniter4/framework/system/CodeIgniter.php(399): CodeIgniter\CodeIgniter->runController(Object(App\Controllers\Admin\Pueblo))
#2 /Users/eduardorodriguez/Sites/localhost/igle_admin/vendor/codeigniter4/framework/system/CodeIgniter.php(317): CodeIgniter\CodeIgniter->handleRequest(NULL, Object(Config\Cache), false)
#3 /Users/eduardorodriguez/Sites/localhost/igle_admin/index.php(37): CodeIgniter\CodeIgniter->run()
#4 {main}
CRITICAL - 2021-10-08 13:00:06 --> Undefined variable: gobern
#0 /Users/eduardorodriguez/Sites/localhost/igle_admin/app/Views/Admin/pueblo_create.php(258): CodeIgniter\Debug\Exceptions->errorHandler(8, 'Undefined varia...', '/Users/eduardor...', 258, Array)
#1 /Users/eduardorodriguez/Sites/localhost/igle_admin/vendor/codeigniter4/framework/system/View/View.php(214): include('/Users/eduardor...')
#2 /Users/eduardorodriguez/Sites/localhost/igle_admin/vendor/codeigniter4/framework/system/View/View.php(217): CodeIgniter\View\View->CodeIgniter\View\{closure}()
#3 /Users/eduardorodriguez/Sites/localhost/igle_admin/vendor/codeigniter4/framework/system/Common.php(1092): CodeIgniter\View\View->render('Admin/pueblo_cr...', Array, true)
#4 /Users/eduardorodriguez/Sites/localhost/igle_admin/app/Controllers/Admin/Pueblo.php(42): view('Admin/pueblo_cr...', Array)
#5 /Users/eduardorodriguez/Sites/localhost/igle_admin/vendor/codeigniter4/framework/system/CodeIgniter.php(802): App\Controllers\Admin\Pueblo->create()
#6 /Users/eduardorodriguez/Sites/localhost/igle_admin/vendor/codeigniter4/framework/system/CodeIgniter.php(399): CodeIgniter\CodeIgniter->runController(Object(App\Controllers\Admin\Pueblo))
#7 /Users/eduardorodriguez/Sites/localhost/igle_admin/vendor/codeigniter4/framework/system/CodeIgniter.php(317): CodeIgniter\CodeIgniter->handleRequest(NULL, Object(Config\Cache), false)
#8 /Users/eduardorodriguez/Sites/localhost/igle_admin/index.php(37): CodeIgniter\CodeIgniter->run()
#9 {main}
CRITICAL - 2021-10-08 13:00:24 --> Undefined property: stdClass::$id_group
#0 /Users/eduardorodriguez/Sites/localhost/igle_admin/app/Views/Admin/pueblo_create.php(259): CodeIgniter\Debug\Exceptions->errorHandler(8, 'Undefined prope...', '/Users/eduardor...', 259, Array)
#1 /Users/eduardorodriguez/Sites/localhost/igle_admin/vendor/codeigniter4/framework/system/View/View.php(214): include('/Users/eduardor...')
#2 /Users/eduardorodriguez/Sites/localhost/igle_admin/vendor/codeigniter4/framework/system/View/View.php(217): CodeIgniter\View\View->CodeIgniter\View\{closure}()
#3 /Users/eduardorodriguez/Sites/localhost/igle_admin/vendor/codeigniter4/framework/system/Common.php(1092): CodeIgniter\View\View->render('Admin/pueblo_cr...', Array, true)
#4 /Users/eduardorodriguez/Sites/localhost/igle_admin/app/Controllers/Admin/Pueblo.php(43): view('Admin/pueblo_cr...', Array)
#5 /Users/eduardorodriguez/Sites/localhost/igle_admin/vendor/codeigniter4/framework/system/CodeIgniter.php(802): App\Controllers\Admin\Pueblo->create()
#6 /Users/eduardorodriguez/Sites/localhost/igle_admin/vendor/codeigniter4/framework/system/CodeIgniter.php(399): CodeIgniter\CodeIgniter->runController(Object(App\Controllers\Admin\Pueblo))
#7 /Users/eduardorodriguez/Sites/localhost/igle_admin/vendor/codeigniter4/framework/system/CodeIgniter.php(317): CodeIgniter\CodeIgniter->handleRequest(NULL, Object(Config\Cache), false)
#8 /Users/eduardorodriguez/Sites/localhost/igle_admin/index.php(37): CodeIgniter\CodeIgniter->run()
#9 {main}
ERROR - 2021-10-08 13:01:57 --> Table 'igleadmin.gobireno' doesn't exist
CRITICAL - 2021-10-08 13:01:57 --> Table 'igleadmin.gobireno' doesn't exist
#0 /Users/eduardorodriguez/Sites/localhost/igle_admin/vendor/codeigniter4/framework/system/Database/MySQLi/Connection.php(280): mysqli->query('SELECT *\nFROM `...')
#1 /Users/eduardorodriguez/Sites/localhost/igle_admin/vendor/codeigniter4/framework/system/Database/BaseConnection.php(663): CodeIgniter\Database\MySQLi\Connection->execute('SELECT *\nFROM `...')
#2 /Users/eduardorodriguez/Sites/localhost/igle_admin/vendor/codeigniter4/framework/system/Database/BaseConnection.php(591): CodeIgniter\Database\BaseConnection->simpleQuery('SELECT *\nFROM `...')
#3 /Users/eduardorodriguez/Sites/localhost/igle_admin/vendor/codeigniter4/framework/system/Database/BaseBuilder.php(1428): CodeIgniter\Database\BaseConnection->query('SELECT *\nFROM `...', Array, false)
#4 /Users/eduardorodriguez/Sites/localhost/igle_admin/vendor/codeigniter4/framework/system/Model.php(183): CodeIgniter\Database\BaseBuilder->get()
#5 /Users/eduardorodriguez/Sites/localhost/igle_admin/vendor/codeigniter4/framework/system/BaseModel.php(584): CodeIgniter\Model->doFindAll(0, 0)
#6 /Users/eduardorodriguez/Sites/localhost/igle_admin/app/Controllers/Admin/Pueblo.php(43): CodeIgniter\BaseModel->findAll()
#7 /Users/eduardorodriguez/Sites/localhost/igle_admin/vendor/codeigniter4/framework/system/CodeIgniter.php(802): App\Controllers\Admin\Pueblo->create()
#8 /Users/eduardorodriguez/Sites/localhost/igle_admin/vendor/codeigniter4/framework/system/CodeIgniter.php(399): CodeIgniter\CodeIgniter->runController(Object(App\Controllers\Admin\Pueblo))
#9 /Users/eduardorodriguez/Sites/localhost/igle_admin/vendor/codeigniter4/framework/system/CodeIgniter.php(317): CodeIgniter\CodeIgniter->handleRequest(NULL, Object(Config\Cache), false)
#10 /Users/eduardorodriguez/Sites/localhost/igle_admin/index.php(37): CodeIgniter\CodeIgniter->run()
#11 {main}
CRITICAL - 2021-10-08 13:06:26 --> Class 'App\Controllers\Admin\GobiernosModel' not found
#0 /Users/eduardorodriguez/Sites/localhost/igle_admin/vendor/codeigniter4/framework/system/CodeIgniter.php(802): App\Controllers\Admin\Pueblo->edit('12')
#1 /Users/eduardorodriguez/Sites/localhost/igle_admin/vendor/codeigniter4/framework/system/CodeIgniter.php(399): CodeIgniter\CodeIgniter->runController(Object(App\Controllers\Admin\Pueblo))
#2 /Users/eduardorodriguez/Sites/localhost/igle_admin/vendor/codeigniter4/framework/system/CodeIgniter.php(317): CodeIgniter\CodeIgniter->handleRequest(NULL, Object(Config\Cache), false)
#3 /Users/eduardorodriguez/Sites/localhost/igle_admin/index.php(37): CodeIgniter\CodeIgniter->run()
#4 {main}
CRITICAL - 2021-10-08 13:09:57 --> Undefined property: stdClass::$id_group
#0 /Users/eduardorodriguez/Sites/localhost/igle_admin/app/Views/Admin/pueblo_create.php(259): CodeIgniter\Debug\Exceptions->errorHandler(8, 'Undefined prope...', '/Users/eduardor...', 259, Array)
#1 /Users/eduardorodriguez/Sites/localhost/igle_admin/vendor/codeigniter4/framework/system/View/View.php(214): include('/Users/eduardor...')
#2 /Users/eduardorodriguez/Sites/localhost/igle_admin/vendor/codeigniter4/framework/system/View/View.php(217): CodeIgniter\View\View->CodeIgniter\View\{closure}()
#3 /Users/eduardorodriguez/Sites/localhost/igle_admin/vendor/codeigniter4/framework/system/Common.php(1092): CodeIgniter\View\View->render('Admin/pueblo_cr...', Array, true)
#4 /Users/eduardorodriguez/Sites/localhost/igle_admin/app/Controllers/Admin/Pueblo.php(44): view('Admin/pueblo_cr...', Array)
#5 /Users/eduardorodriguez/Sites/localhost/igle_admin/vendor/codeigniter4/framework/system/CodeIgniter.php(802): App\Controllers\Admin\Pueblo->create()
#6 /Users/eduardorodriguez/Sites/localhost/igle_admin/vendor/codeigniter4/framework/system/CodeIgniter.php(399): CodeIgniter\CodeIgniter->runController(Object(App\Controllers\Admin\Pueblo))
#7 /Users/eduardorodriguez/Sites/localhost/igle_admin/vendor/codeigniter4/framework/system/CodeIgniter.php(317): CodeIgniter\CodeIgniter->handleRequest(NULL, Object(Config\Cache), false)
#8 /Users/eduardorodriguez/Sites/localhost/igle_admin/index.php(37): CodeIgniter\CodeIgniter->run()
#9 {main}
CRITICAL - 2021-10-08 13:11:26 --> Undefined property: stdClass::$id_group
#0 /Users/eduardorodriguez/Sites/localhost/igle_admin/app/Views/Admin/pueblo_edit.php(282): CodeIgniter\Debug\Exceptions->errorHandler(8, 'Undefined prope...', '/Users/eduardor...', 282, Array)
#1 /Users/eduardorodriguez/Sites/localhost/igle_admin/vendor/codeigniter4/framework/system/View/View.php(214): include('/Users/eduardor...')
#2 /Users/eduardorodriguez/Sites/localhost/igle_admin/vendor/codeigniter4/framework/system/View/View.php(217): CodeIgniter\View\View->CodeIgniter\View\{closure}()
#3 /Users/eduardorodriguez/Sites/localhost/igle_admin/vendor/codeigniter4/framework/system/Common.php(1092): CodeIgniter\View\View->render('Admin/pueblo_ed...', Array, true)
#4 /Users/eduardorodriguez/Sites/localhost/igle_admin/app/Controllers/Admin/Pueblo.php(106): view('Admin/pueblo_ed...', Array)
#5 /Users/eduardorodriguez/Sites/localhost/igle_admin/vendor/codeigniter4/framework/system/CodeIgniter.php(802): App\Controllers\Admin\Pueblo->edit('12')
#6 /Users/eduardorodriguez/Sites/localhost/igle_admin/vendor/codeigniter4/framework/system/CodeIgniter.php(399): CodeIgniter\CodeIgniter->runController(Object(App\Controllers\Admin\Pueblo))
#7 /Users/eduardorodriguez/Sites/localhost/igle_admin/vendor/codeigniter4/framework/system/CodeIgniter.php(317): CodeIgniter\CodeIgniter->handleRequest(NULL, Object(Config\Cache), false)
#8 /Users/eduardorodriguez/Sites/localhost/igle_admin/index.php(37): CodeIgniter\CodeIgniter->run()
#9 {main}
CRITICAL - 2021-10-08 13:13:00 --> Undefined property: stdClass::$id_group
#0 /Users/eduardorodriguez/Sites/localhost/igle_admin/app/Views/Admin/pueblo_edit.php(283): CodeIgniter\Debug\Exceptions->errorHandler(8, 'Undefined prope...', '/Users/eduardor...', 283, Array)
#1 /Users/eduardorodriguez/Sites/localhost/igle_admin/vendor/codeigniter4/framework/system/View/View.php(214): include('/Users/eduardor...')
#2 /Users/eduardorodriguez/Sites/localhost/igle_admin/vendor/codeigniter4/framework/system/View/View.php(217): CodeIgniter\View\View->CodeIgniter\View\{closure}()
#3 /Users/eduardorodriguez/Sites/localhost/igle_admin/vendor/codeigniter4/framework/system/Common.php(1092): CodeIgniter\View\View->render('Admin/pueblo_ed...', Array, true)
#4 /Users/eduardorodriguez/Sites/localhost/igle_admin/app/Controllers/Admin/Pueblo.php(106): view('Admin/pueblo_ed...', Array)
#5 /Users/eduardorodriguez/Sites/localhost/igle_admin/vendor/codeigniter4/framework/system/CodeIgniter.php(802): App\Controllers\Admin\Pueblo->edit('12')
#6 /Users/eduardorodriguez/Sites/localhost/igle_admin/vendor/codeigniter4/framework/system/CodeIgniter.php(399): CodeIgniter\CodeIgniter->runController(Object(App\Controllers\Admin\Pueblo))
#7 /Users/eduardorodriguez/Sites/localhost/igle_admin/vendor/codeigniter4/framework/system/CodeIgniter.php(317): CodeIgniter\CodeIgniter->handleRequest(NULL, Object(Config\Cache), false)
#8 /Users/eduardorodriguez/Sites/localhost/igle_admin/index.php(37): CodeIgniter\CodeIgniter->run()
#9 {main}
CRITICAL - 2021-10-08 13:30:18 --> syntax error, unexpected ''ubicacion'' (T_CONSTANT_ENCAPSED_STRING), expecting ']'
#0 /Users/eduardorodriguez/Sites/localhost/igle_admin/vendor/codeigniter4/framework/system/Autoloader/Autoloader.php(241): CodeIgniter\Autoloader\Autoloader->includeFile('/Users/eduardor...')
#1 /Users/eduardorodriguez/Sites/localhost/igle_admin/vendor/codeigniter4/framework/system/Autoloader/Autoloader.php(219): CodeIgniter\Autoloader\Autoloader->loadInNamespace('App\\Models\\Casa...')
#2 [internal function]: CodeIgniter\Autoloader\Autoloader->loadClass('App\\Models\\Casa...')
#3 /Users/eduardorodriguez/Sites/localhost/igle_admin/app/Controllers/Admin/Pueblo.php(39): spl_autoload_call('App\\Models\\Casa...')
#4 /Users/eduardorodriguez/Sites/localhost/igle_admin/vendor/codeigniter4/framework/system/CodeIgniter.php(802): App\Controllers\Admin\Pueblo->create()
#5 /Users/eduardorodriguez/Sites/localhost/igle_admin/vendor/codeigniter4/framework/system/CodeIgniter.php(399): CodeIgniter\CodeIgniter->runController(Object(App\Controllers\Admin\Pueblo))
#6 /Users/eduardorodriguez/Sites/localhost/igle_admin/vendor/codeigniter4/framework/system/CodeIgniter.php(317): CodeIgniter\CodeIgniter->handleRequest(NULL, Object(Config\Cache), false)
#7 /Users/eduardorodriguez/Sites/localhost/igle_admin/index.php(37): CodeIgniter\CodeIgniter->run()
#8 {main}
ERROR - 2021-10-08 13:30:38 --> Unknown column 'casesdepaz.deleted_at' in 'where clause'
CRITICAL - 2021-10-08 13:30:38 --> Unknown column 'casesdepaz.deleted_at' in 'where clause'
#0 /Users/eduardorodriguez/Sites/localhost/igle_admin/vendor/codeigniter4/framework/system/Database/MySQLi/Connection.php(280): mysqli->query('SELECT *\nFROM `...')
#1 /Users/eduardorodriguez/Sites/localhost/igle_admin/vendor/codeigniter4/framework/system/Database/BaseConnection.php(663): CodeIgniter\Database\MySQLi\Connection->execute('SELECT *\nFROM `...')
#2 /Users/eduardorodriguez/Sites/localhost/igle_admin/vendor/codeigniter4/framework/system/Database/BaseConnection.php(591): CodeIgniter\Database\BaseConnection->simpleQuery('SELECT *\nFROM `...')
#3 /Users/eduardorodriguez/Sites/localhost/igle_admin/vendor/codeigniter4/framework/system/Database/BaseBuilder.php(1428): CodeIgniter\Database\BaseConnection->query('SELECT *\nFROM `...', Array, false)
#4 /Users/eduardorodriguez/Sites/localhost/igle_admin/vendor/codeigniter4/framework/system/Model.php(183): CodeIgniter\Database\BaseBuilder->get()
#5 /Users/eduardorodriguez/Sites/localhost/igle_admin/vendor/codeigniter4/framework/system/BaseModel.php(584): CodeIgniter\Model->doFindAll(0, 0)
#6 /Users/eduardorodriguez/Sites/localhost/igle_admin/app/Controllers/Admin/Pueblo.php(47): CodeIgniter\BaseModel->findAll()
#7 /Users/eduardorodriguez/Sites/localhost/igle_admin/vendor/codeigniter4/framework/system/CodeIgniter.php(802): App\Controllers\Admin\Pueblo->create()
#8 /Users/eduardorodriguez/Sites/localhost/igle_admin/vendor/codeigniter4/framework/system/CodeIgniter.php(399): CodeIgniter\CodeIgniter->runController(Object(App\Controllers\Admin\Pueblo))
#9 /Users/eduardorodriguez/Sites/localhost/igle_admin/vendor/codeigniter4/framework/system/CodeIgniter.php(317): CodeIgniter\CodeIgniter->handleRequest(NULL, Object(Config\Cache), false)
#10 /Users/eduardorodriguez/Sites/localhost/igle_admin/index.php(37): CodeIgniter\CodeIgniter->run()
#11 {main}
ERROR - 2021-10-08 13:30:52 --> Unknown column 'casesdepaz.deleted_at' in 'where clause'
CRITICAL - 2021-10-08 13:30:52 --> Unknown column 'casesdepaz.deleted_at' in 'where clause'
#0 /Users/eduardorodriguez/Sites/localhost/igle_admin/vendor/codeigniter4/framework/system/Database/MySQLi/Connection.php(280): mysqli->query('SELECT *\nFROM `...')
#1 /Users/eduardorodriguez/Sites/localhost/igle_admin/vendor/codeigniter4/framework/system/Database/BaseConnection.php(663): CodeIgniter\Database\MySQLi\Connection->execute('SELECT *\nFROM `...')
#2 /Users/eduardorodriguez/Sites/localhost/igle_admin/vendor/codeigniter4/framework/system/Database/BaseConnection.php(591): CodeIgniter\Database\BaseConnection->simpleQuery('SELECT *\nFROM `...')
#3 /Users/eduardorodriguez/Sites/localhost/igle_admin/vendor/codeigniter4/framework/system/Database/BaseBuilder.php(1428): CodeIgniter\Database\BaseConnection->query('SELECT *\nFROM `...', Array, false)
#4 /Users/eduardorodriguez/Sites/localhost/igle_admin/vendor/codeigniter4/framework/system/Model.php(183): CodeIgniter\Database\BaseBuilder->get()
#5 /Users/eduardorodriguez/Sites/localhost/igle_admin/vendor/codeigniter4/framework/system/BaseModel.php(584): CodeIgniter\Model->doFindAll(0, 0)
#6 /Users/eduardorodriguez/Sites/localhost/igle_admin/app/Controllers/Admin/Pueblo.php(47): CodeIgniter\BaseModel->findAll()
#7 /Users/eduardorodriguez/Sites/localhost/igle_admin/vendor/codeigniter4/framework/system/CodeIgniter.php(802): App\Controllers\Admin\Pueblo->create()
#8 /Users/eduardorodriguez/Sites/localhost/igle_admin/vendor/codeigniter4/framework/system/CodeIgniter.php(399): CodeIgniter\CodeIgniter->runController(Object(App\Controllers\Admin\Pueblo))
#9 /Users/eduardorodriguez/Sites/localhost/igle_admin/vendor/codeigniter4/framework/system/CodeIgniter.php(317): CodeIgniter\CodeIgniter->handleRequest(NULL, Object(Config\Cache), false)
#10 /Users/eduardorodriguez/Sites/localhost/igle_admin/index.php(37): CodeIgniter\CodeIgniter->run()
#11 {main}
ERROR - 2021-10-08 13:31:28 --> Unknown column 'casesdepaz.deleted_at' in 'where clause'
CRITICAL - 2021-10-08 13:31:28 --> Unknown column 'casesdepaz.deleted_at' in 'where clause'
#0 /Users/eduardorodriguez/Sites/localhost/igle_admin/vendor/codeigniter4/framework/system/Database/MySQLi/Connection.php(280): mysqli->query('SELECT *\nFROM `...')
#1 /Users/eduardorodriguez/Sites/localhost/igle_admin/vendor/codeigniter4/framework/system/Database/BaseConnection.php(663): CodeIgniter\Database\MySQLi\Connection->execute('SELECT *\nFROM `...')
#2 /Users/eduardorodriguez/Sites/localhost/igle_admin/vendor/codeigniter4/framework/system/Database/BaseConnection.php(591): CodeIgniter\Database\BaseConnection->simpleQuery('SELECT *\nFROM `...')
#3 /Users/eduardorodriguez/Sites/localhost/igle_admin/vendor/codeigniter4/framework/system/Database/BaseBuilder.php(1428): CodeIgniter\Database\BaseConnection->query('SELECT *\nFROM `...', Array, false)
#4 /Users/eduardorodriguez/Sites/localhost/igle_admin/vendor/codeigniter4/framework/system/Model.php(183): CodeIgniter\Database\BaseBuilder->get()
#5 /Users/eduardorodriguez/Sites/localhost/igle_admin/vendor/codeigniter4/framework/system/BaseModel.php(584): CodeIgniter\Model->doFindAll(0, 0)
#6 /Users/eduardorodriguez/Sites/localhost/igle_admin/app/Controllers/Admin/Pueblo.php(47): CodeIgniter\BaseModel->findAll()
#7 /Users/eduardorodriguez/Sites/localhost/igle_admin/vendor/codeigniter4/framework/system/CodeIgniter.php(802): App\Controllers\Admin\Pueblo->create()
#8 /Users/eduardorodriguez/Sites/localhost/igle_admin/vendor/codeigniter4/framework/system/CodeIgniter.php(399): CodeIgniter\CodeIgniter->runController(Object(App\Controllers\Admin\Pueblo))
#9 /Users/eduardorodriguez/Sites/localhost/igle_admin/vendor/codeigniter4/framework/system/CodeIgniter.php(317): CodeIgniter\CodeIgniter->handleRequest(NULL, Object(Config\Cache), false)
#10 /Users/eduardorodriguez/Sites/localhost/igle_admin/index.php(37): CodeIgniter\CodeIgniter->run()
#11 {main}
CRITICAL - 2021-10-08 15:46:10 --> required  is not a valid rule.
#0 /Users/eduardorodriguez/Sites/localhost/igle_admin/vendor/codeigniter4/framework/system/Validation/Validation.php(285): CodeIgniter\Validation\Exceptions\ValidationException::forRuleNotFound('required ')
#1 /Users/eduardorodriguez/Sites/localhost/igle_admin/vendor/codeigniter4/framework/system/Validation/Validation.php(151): CodeIgniter\Validation\Validation->processRules('type', 'type', '1', Array, Array)
#2 /Users/eduardorodriguez/Sites/localhost/igle_admin/app/Controllers/Admin/Pueblo.php(133): CodeIgniter\Validation\Validation->run()
#3 /Users/eduardorodriguez/Sites/localhost/igle_admin/vendor/codeigniter4/framework/system/CodeIgniter.php(802): App\Controllers\Admin\Pueblo->update()
#4 /Users/eduardorodriguez/Sites/localhost/igle_admin/vendor/codeigniter4/framework/system/CodeIgniter.php(399): CodeIgniter\CodeIgniter->runController(Object(App\Controllers\Admin\Pueblo))
#5 /Users/eduardorodriguez/Sites/localhost/igle_admin/vendor/codeigniter4/framework/system/CodeIgniter.php(317): CodeIgniter\CodeIgniter->handleRequest(NULL, Object(Config\Cache), false)
#6 /Users/eduardorodriguez/Sites/localhost/igle_admin/index.php(37): CodeIgniter\CodeIgniter->run()
#7 {main}
CRITICAL - 2021-10-08 15:59:39 --> syntax error, unexpected ''secund_name'' (T_CONSTANT_ENCAPSED_STRING), expecting ']'
#0 /Users/eduardorodriguez/Sites/localhost/igle_admin/vendor/codeigniter4/framework/system/Autoloader/Autoloader.php(241): CodeIgniter\Autoloader\Autoloader->includeFile('/Users/eduardor...')
#1 /Users/eduardorodriguez/Sites/localhost/igle_admin/vendor/codeigniter4/framework/system/Autoloader/Autoloader.php(219): CodeIgniter\Autoloader\Autoloader->loadInNamespace('App\\Controllers...')
#2 [internal function]: CodeIgniter\Autoloader\Autoloader->loadClass('App\\Controllers...')
#3 [internal function]: spl_autoload_call('App\\Controllers...')
#4 /Users/eduardorodriguez/Sites/localhost/igle_admin/vendor/codeigniter4/framework/system/CodeIgniter.php(767): class_exists('\\App\\Controller...', true)
#5 /Users/eduardorodriguez/Sites/localhost/igle_admin/vendor/codeigniter4/framework/system/CodeIgniter.php(386): CodeIgniter\CodeIgniter->startController()
#6 /Users/eduardorodriguez/Sites/localhost/igle_admin/vendor/codeigniter4/framework/system/CodeIgniter.php(317): CodeIgniter\CodeIgniter->handleRequest(NULL, Object(Config\Cache), false)
#7 /Users/eduardorodriguez/Sites/localhost/igle_admin/index.php(37): CodeIgniter\CodeIgniter->run()
#8 {main}
ERROR - 2021-10-08 16:00:10 --> Cannot add or update a child row: a foreign key constraint fails (`igleadmin`.`users`, CONSTRAINT `gob` FOREIGN KEY (`id_gobierno`) REFERENCES `gobierno` (`id_gobierno`) ON DELETE CASCADE)
CRITICAL - 2021-10-08 16:00:10 --> Cannot add or update a child row: a foreign key constraint fails (`igleadmin`.`users`, CONSTRAINT `gob` FOREIGN KEY (`id_gobierno`) REFERENCES `gobierno` (`id_gobierno`) ON DELETE CASCADE)
#0 /Users/eduardorodriguez/Sites/localhost/igle_admin/vendor/codeigniter4/framework/system/Database/MySQLi/Connection.php(280): mysqli->query('UPDATE `users` ...')
#1 /Users/eduardorodriguez/Sites/localhost/igle_admin/vendor/codeigniter4/framework/system/Database/BaseConnection.php(663): CodeIgniter\Database\MySQLi\Connection->execute('UPDATE `users` ...')
#2 /Users/eduardorodriguez/Sites/localhost/igle_admin/vendor/codeigniter4/framework/system/Database/BaseConnection.php(591): CodeIgniter\Database\BaseConnection->simpleQuery('UPDATE `users` ...')
#3 /Users/eduardorodriguez/Sites/localhost/igle_admin/vendor/codeigniter4/framework/system/Database/BaseBuilder.php(1875): CodeIgniter\Database\BaseConnection->query('UPDATE `users` ...', Array, false)
#4 /Users/eduardorodriguez/Sites/localhost/igle_admin/vendor/codeigniter4/framework/system/Model.php(298): CodeIgniter\Database\BaseBuilder->update()
#5 /Users/eduardorodriguez/Sites/localhost/igle_admin/vendor/codeigniter4/framework/system/BaseModel.php(865): CodeIgniter\Model->doUpdate(Array, Array)
#6 /Users/eduardorodriguez/Sites/localhost/igle_admin/vendor/codeigniter4/framework/system/Model.php(646): CodeIgniter\BaseModel->update(Array, Array)
#7 /Users/eduardorodriguez/Sites/localhost/igle_admin/vendor/codeigniter4/framework/system/BaseModel.php(656): CodeIgniter\Model->update('12', Array)
#8 /Users/eduardorodriguez/Sites/localhost/igle_admin/app/Controllers/Admin/Pueblo.php(161): CodeIgniter\BaseModel->save(Array)
#9 /Users/eduardorodriguez/Sites/localhost/igle_admin/vendor/codeigniter4/framework/system/CodeIgniter.php(802): App\Controllers\Admin\Pueblo->update()
#10 /Users/eduardorodriguez/Sites/localhost/igle_admin/vendor/codeigniter4/framework/system/CodeIgniter.php(399): CodeIgniter\CodeIgniter->runController(Object(App\Controllers\Admin\Pueblo))
#11 /Users/eduardorodriguez/Sites/localhost/igle_admin/vendor/codeigniter4/framework/system/CodeIgniter.php(317): CodeIgniter\CodeIgniter->handleRequest(NULL, Object(Config\Cache), false)
#12 /Users/eduardorodriguez/Sites/localhost/igle_admin/index.php(37): CodeIgniter\CodeIgniter->run()
#13 {main}
CRITICAL - 2021-10-08 16:33:15 --> Undefined variable: usuario
#0 /Users/eduardorodriguez/Sites/localhost/igle_admin/app/Views/Admin/pueblo_create.php(52): CodeIgniter\Debug\Exceptions->errorHandler(8, 'Undefined varia...', '/Users/eduardor...', 52, Array)
#1 /Users/eduardorodriguez/Sites/localhost/igle_admin/vendor/codeigniter4/framework/system/View/View.php(214): include('/Users/eduardor...')
#2 /Users/eduardorodriguez/Sites/localhost/igle_admin/vendor/codeigniter4/framework/system/View/View.php(217): CodeIgniter\View\View->CodeIgniter\View\{closure}()
#3 /Users/eduardorodriguez/Sites/localhost/igle_admin/vendor/codeigniter4/framework/system/Common.php(1092): CodeIgniter\View\View->render('Admin/pueblo_cr...', Array, true)
#4 /Users/eduardorodriguez/Sites/localhost/igle_admin/app/Controllers/Admin/Pueblo.php(47): view('Admin/pueblo_cr...', Array)
#5 /Users/eduardorodriguez/Sites/localhost/igle_admin/vendor/codeigniter4/framework/system/CodeIgniter.php(802): App\Controllers\Admin\Pueblo->create()
#6 /Users/eduardorodriguez/Sites/localhost/igle_admin/vendor/codeigniter4/framework/system/CodeIgniter.php(399): CodeIgniter\CodeIgniter->runController(Object(App\Controllers\Admin\Pueblo))
#7 /Users/eduardorodriguez/Sites/localhost/igle_admin/vendor/codeigniter4/framework/system/CodeIgniter.php(317): CodeIgniter\CodeIgniter->handleRequest(NULL, Object(Config\Cache), false)
#8 /Users/eduardorodriguez/Sites/localhost/igle_admin/index.php(37): CodeIgniter\CodeIgniter->run()
#9 {main}
CRITICAL - 2021-10-08 16:49:54 --> strtolower() expects exactly 1 parameter, 3 given
#0 [internal function]: CodeIgniter\Debug\Exceptions->errorHandler(2, 'strtolower() ex...', '/Users/eduardor...', 14, Array)
#1 /Users/eduardorodriguez/Sites/localhost/igle_admin/app/Entities/User.php(14): strtolower('Eduardo', 0, 3)
#2 /Users/eduardorodriguez/Sites/localhost/igle_admin/app/Controllers/Admin/Pueblo.php(77): App\Entities\User->generateUsername()
#3 /Users/eduardorodriguez/Sites/localhost/igle_admin/vendor/codeigniter4/framework/system/CodeIgniter.php(802): App\Controllers\Admin\Pueblo->store()
#4 /Users/eduardorodriguez/Sites/localhost/igle_admin/vendor/codeigniter4/framework/system/CodeIgniter.php(399): CodeIgniter\CodeIgniter->runController(Object(App\Controllers\Admin\Pueblo))
#5 /Users/eduardorodriguez/Sites/localhost/igle_admin/vendor/codeigniter4/framework/system/CodeIgniter.php(317): CodeIgniter\CodeIgniter->handleRequest(NULL, Object(Config\Cache), false)
#6 /Users/eduardorodriguez/Sites/localhost/igle_admin/index.php(37): CodeIgniter\CodeIgniter->run()
#7 {main}
CRITICAL - 2021-10-08 16:52:46 --> strtolower() expects exactly 1 parameter, 3 given
#0 [internal function]: CodeIgniter\Debug\Exceptions->errorHandler(2, 'strtolower() ex...', '/Users/eduardor...', 14, Array)
#1 /Users/eduardorodriguez/Sites/localhost/igle_admin/app/Entities/User.php(14): strtolower('Eduardo', 0, 3)
#2 /Users/eduardorodriguez/Sites/localhost/igle_admin/app/Controllers/Admin/Pueblo.php(77): App\Entities\User->generateUsername()
#3 /Users/eduardorodriguez/Sites/localhost/igle_admin/vendor/codeigniter4/framework/system/CodeIgniter.php(802): App\Controllers\Admin\Pueblo->store()
#4 /Users/eduardorodriguez/Sites/localhost/igle_admin/vendor/codeigniter4/framework/system/CodeIgniter.php(399): CodeIgniter\CodeIgniter->runController(Object(App\Controllers\Admin\Pueblo))
#5 /Users/eduardorodriguez/Sites/localhost/igle_admin/vendor/codeigniter4/framework/system/CodeIgniter.php(317): CodeIgniter\CodeIgniter->handleRequest(NULL, Object(Config\Cache), false)
#6 /Users/eduardorodriguez/Sites/localhost/igle_admin/index.php(37): CodeIgniter\CodeIgniter->run()
#7 {main}
CRITICAL - 2021-10-08 16:53:04 --> strtolower() expects exactly 1 parameter, 3 given
#0 [internal function]: CodeIgniter\Debug\Exceptions->errorHandler(2, 'strtolower() ex...', '/Users/eduardor...', 14, Array)
#1 /Users/eduardorodriguez/Sites/localhost/igle_admin/app/Entities/User.php(14): strtolower('Eduardo', 0, 3)
#2 /Users/eduardorodriguez/Sites/localhost/igle_admin/app/Controllers/Admin/Pueblo.php(77): App\Entities\User->generateUsername()
#3 /Users/eduardorodriguez/Sites/localhost/igle_admin/vendor/codeigniter4/framework/system/CodeIgniter.php(802): App\Controllers\Admin\Pueblo->store()
#4 /Users/eduardorodriguez/Sites/localhost/igle_admin/vendor/codeigniter4/framework/system/CodeIgniter.php(399): CodeIgniter\CodeIgniter->runController(Object(App\Controllers\Admin\Pueblo))
#5 /Users/eduardorodriguez/Sites/localhost/igle_admin/vendor/codeigniter4/framework/system/CodeIgniter.php(317): CodeIgniter\CodeIgniter->handleRequest(NULL, Object(Config\Cache), false)
#6 /Users/eduardorodriguez/Sites/localhost/igle_admin/index.php(37): CodeIgniter\CodeIgniter->run()
#7 {main}
CRITICAL - 2021-10-08 16:53:32 --> syntax error, unexpected ';', expecting ')'
#0 /Users/eduardorodriguez/Sites/localhost/igle_admin/vendor/codeigniter4/framework/system/Autoloader/Autoloader.php(241): CodeIgniter\Autoloader\Autoloader->includeFile('/Users/eduardor...')
#1 /Users/eduardorodriguez/Sites/localhost/igle_admin/vendor/codeigniter4/framework/system/Autoloader/Autoloader.php(219): CodeIgniter\Autoloader\Autoloader->loadInNamespace('App\\Entities\\Us...')
#2 [internal function]: CodeIgniter\Autoloader\Autoloader->loadClass('App\\Entities\\Us...')
#3 /Users/eduardorodriguez/Sites/localhost/igle_admin/app/Controllers/Admin/Pueblo.php(76): spl_autoload_call('App\\Entities\\Us...')
#4 /Users/eduardorodriguez/Sites/localhost/igle_admin/vendor/codeigniter4/framework/system/CodeIgniter.php(802): App\Controllers\Admin\Pueblo->store()
#5 /Users/eduardorodriguez/Sites/localhost/igle_admin/vendor/codeigniter4/framework/system/CodeIgniter.php(399): CodeIgniter\CodeIgniter->runController(Object(App\Controllers\Admin\Pueblo))
#6 /Users/eduardorodriguez/Sites/localhost/igle_admin/vendor/codeigniter4/framework/system/CodeIgniter.php(317): CodeIgniter\CodeIgniter->handleRequest(NULL, Object(Config\Cache), false)
#7 /Users/eduardorodriguez/Sites/localhost/igle_admin/index.php(37): CodeIgniter\CodeIgniter->run()
#8 {main}
CRITICAL - 2021-10-08 16:54:10 --> strtolower() expects exactly 1 parameter, 3 given
#0 [internal function]: CodeIgniter\Debug\Exceptions->errorHandler(2, 'strtolower() ex...', '/Users/eduardor...', 14, Array)
#1 /Users/eduardorodriguez/Sites/localhost/igle_admin/app/Entities/User.php(14): strtolower('Eduardo', 0, 3)
#2 /Users/eduardorodriguez/Sites/localhost/igle_admin/app/Controllers/Admin/Pueblo.php(77): App\Entities\User->generateUsername()
#3 /Users/eduardorodriguez/Sites/localhost/igle_admin/vendor/codeigniter4/framework/system/CodeIgniter.php(802): App\Controllers\Admin\Pueblo->store()
#4 /Users/eduardorodriguez/Sites/localhost/igle_admin/vendor/codeigniter4/framework/system/CodeIgniter.php(399): CodeIgniter\CodeIgniter->runController(Object(App\Controllers\Admin\Pueblo))
#5 /Users/eduardorodriguez/Sites/localhost/igle_admin/vendor/codeigniter4/framework/system/CodeIgniter.php(317): CodeIgniter\CodeIgniter->handleRequest(NULL, Object(Config\Cache), false)
#6 /Users/eduardorodriguez/Sites/localhost/igle_admin/index.php(37): CodeIgniter\CodeIgniter->run()
#7 {main}
CRITICAL - 2021-10-08 16:54:40 --> strtolower() expects exactly 1 parameter, 3 given
#0 [internal function]: CodeIgniter\Debug\Exceptions->errorHandler(2, 'strtolower() ex...', '/Users/eduardor...', 15, Array)
#1 /Users/eduardorodriguez/Sites/localhost/igle_admin/app/Entities/User.php(15): strtolower('eduardo', 0, 3)
#2 /Users/eduardorodriguez/Sites/localhost/igle_admin/app/Controllers/Admin/Pueblo.php(77): App\Entities\User->generateUsername()
#3 /Users/eduardorodriguez/Sites/localhost/igle_admin/vendor/codeigniter4/framework/system/CodeIgniter.php(802): App\Controllers\Admin\Pueblo->store()
#4 /Users/eduardorodriguez/Sites/localhost/igle_admin/vendor/codeigniter4/framework/system/CodeIgniter.php(399): CodeIgniter\CodeIgniter->runController(Object(App\Controllers\Admin\Pueblo))
#5 /Users/eduardorodriguez/Sites/localhost/igle_admin/vendor/codeigniter4/framework/system/CodeIgniter.php(317): CodeIgniter\CodeIgniter->handleRequest(NULL, Object(Config\Cache), false)
#6 /Users/eduardorodriguez/Sites/localhost/igle_admin/index.php(37): CodeIgniter\CodeIgniter->run()
#7 {main}
CRITICAL - 2021-10-08 16:55:24 --> syntax error, unexpected ','
#0 /Users/eduardorodriguez/Sites/localhost/igle_admin/vendor/codeigniter4/framework/system/Autoloader/Autoloader.php(241): CodeIgniter\Autoloader\Autoloader->includeFile('/Users/eduardor...')
#1 /Users/eduardorodriguez/Sites/localhost/igle_admin/vendor/codeigniter4/framework/system/Autoloader/Autoloader.php(219): CodeIgniter\Autoloader\Autoloader->loadInNamespace('App\\Entities\\Us...')
#2 [internal function]: CodeIgniter\Autoloader\Autoloader->loadClass('App\\Entities\\Us...')
#3 /Users/eduardorodriguez/Sites/localhost/igle_admin/app/Controllers/Admin/Pueblo.php(76): spl_autoload_call('App\\Entities\\Us...')
#4 /Users/eduardorodriguez/Sites/localhost/igle_admin/vendor/codeigniter4/framework/system/CodeIgniter.php(802): App\Controllers\Admin\Pueblo->store()
#5 /Users/eduardorodriguez/Sites/localhost/igle_admin/vendor/codeigniter4/framework/system/CodeIgniter.php(399): CodeIgniter\CodeIgniter->runController(Object(App\Controllers\Admin\Pueblo))
#6 /Users/eduardorodriguez/Sites/localhost/igle_admin/vendor/codeigniter4/framework/system/CodeIgniter.php(317): CodeIgniter\CodeIgniter->handleRequest(NULL, Object(Config\Cache), false)
#7 /Users/eduardorodriguez/Sites/localhost/igle_admin/index.php(37): CodeIgniter\CodeIgniter->run()
#8 {main}
CRITICAL - 2021-10-08 17:02:25 --> strtolower() expects exactly 1 parameter, 2 given
#0 [internal function]: CodeIgniter\Debug\Exceptions->errorHandler(2, 'strtolower() ex...', '/Users/eduardor...', 15, Array)
#1 /Users/eduardorodriguez/Sites/localhost/igle_admin/app/Entities/User.php(15): strtolower('677504', 3)
#2 /Users/eduardorodriguez/Sites/localhost/igle_admin/app/Controllers/Admin/Pueblo.php(77): App\Entities\User->generateUsername()
#3 /Users/eduardorodriguez/Sites/localhost/igle_admin/vendor/codeigniter4/framework/system/CodeIgniter.php(802): App\Controllers\Admin\Pueblo->store()
#4 /Users/eduardorodriguez/Sites/localhost/igle_admin/vendor/codeigniter4/framework/system/CodeIgniter.php(399): CodeIgniter\CodeIgniter->runController(Object(App\Controllers\Admin\Pueblo))
#5 /Users/eduardorodriguez/Sites/localhost/igle_admin/vendor/codeigniter4/framework/system/CodeIgniter.php(317): CodeIgniter\CodeIgniter->handleRequest(NULL, Object(Config\Cache), false)
#6 /Users/eduardorodriguez/Sites/localhost/igle_admin/index.php(37): CodeIgniter\CodeIgniter->run()
#7 {main}
CRITICAL - 2021-10-08 17:02:37 --> strtolower() expects exactly 1 parameter, 3 given
#0 [internal function]: CodeIgniter\Debug\Exceptions->errorHandler(2, 'strtolower() ex...', '/Users/eduardor...', 15, Array)
#1 /Users/eduardorodriguez/Sites/localhost/igle_admin/app/Entities/User.php(15): strtolower('478738', 0, 3)
#2 /Users/eduardorodriguez/Sites/localhost/igle_admin/app/Controllers/Admin/Pueblo.php(77): App\Entities\User->generateUsername()
#3 /Users/eduardorodriguez/Sites/localhost/igle_admin/vendor/codeigniter4/framework/system/CodeIgniter.php(802): App\Controllers\Admin\Pueblo->store()
#4 /Users/eduardorodriguez/Sites/localhost/igle_admin/vendor/codeigniter4/framework/system/CodeIgniter.php(399): CodeIgniter\CodeIgniter->runController(Object(App\Controllers\Admin\Pueblo))
#5 /Users/eduardorodriguez/Sites/localhost/igle_admin/vendor/codeigniter4/framework/system/CodeIgniter.php(317): CodeIgniter\CodeIgniter->handleRequest(NULL, Object(Config\Cache), false)
#6 /Users/eduardorodriguez/Sites/localhost/igle_admin/index.php(37): CodeIgniter\CodeIgniter->run()
#7 {main}
CRITICAL - 2021-10-08 17:49:11 --> syntax error, unexpected '$validation' (T_VARIABLE)
#0 /Users/eduardorodriguez/Sites/localhost/igle_admin/vendor/codeigniter4/framework/system/Autoloader/Autoloader.php(241): CodeIgniter\Autoloader\Autoloader->includeFile('/Users/eduardor...')
#1 /Users/eduardorodriguez/Sites/localhost/igle_admin/vendor/codeigniter4/framework/system/Autoloader/Autoloader.php(219): CodeIgniter\Autoloader\Autoloader->loadInNamespace('App\\Controllers...')
#2 [internal function]: CodeIgniter\Autoloader\Autoloader->loadClass('App\\Controllers...')
#3 [internal function]: spl_autoload_call('App\\Controllers...')
#4 /Users/eduardorodriguez/Sites/localhost/igle_admin/vendor/codeigniter4/framework/system/CodeIgniter.php(767): class_exists('\\App\\Controller...', true)
#5 /Users/eduardorodriguez/Sites/localhost/igle_admin/vendor/codeigniter4/framework/system/CodeIgniter.php(386): CodeIgniter\CodeIgniter->startController()
#6 /Users/eduardorodriguez/Sites/localhost/igle_admin/vendor/codeigniter4/framework/system/CodeIgniter.php(317): CodeIgniter\CodeIgniter->handleRequest(NULL, Object(Config\Cache), false)
#7 /Users/eduardorodriguez/Sites/localhost/igle_admin/index.php(37): CodeIgniter\CodeIgniter->run()
#8 {main}
CRITICAL - 2021-10-08 17:49:27 --> syntax error, unexpected '$validation' (T_VARIABLE)
#0 /Users/eduardorodriguez/Sites/localhost/igle_admin/vendor/codeigniter4/framework/system/Autoloader/Autoloader.php(241): CodeIgniter\Autoloader\Autoloader->includeFile('/Users/eduardor...')
#1 /Users/eduardorodriguez/Sites/localhost/igle_admin/vendor/codeigniter4/framework/system/Autoloader/Autoloader.php(219): CodeIgniter\Autoloader\Autoloader->loadInNamespace('App\\Controllers...')
#2 [internal function]: CodeIgniter\Autoloader\Autoloader->loadClass('App\\Controllers...')
#3 [internal function]: spl_autoload_call('App\\Controllers...')
#4 /Users/eduardorodriguez/Sites/localhost/igle_admin/vendor/codeigniter4/framework/system/CodeIgniter.php(767): class_exists('\\App\\Controller...', true)
#5 /Users/eduardorodriguez/Sites/localhost/igle_admin/vendor/codeigniter4/framework/system/CodeIgniter.php(386): CodeIgniter\CodeIgniter->startController()
#6 /Users/eduardorodriguez/Sites/localhost/igle_admin/vendor/codeigniter4/framework/system/CodeIgniter.php(317): CodeIgniter\CodeIgniter->handleRequest(NULL, Object(Config\Cache), false)
#7 /Users/eduardorodriguez/Sites/localhost/igle_admin/index.php(37): CodeIgniter\CodeIgniter->run()
#8 {main}
CRITICAL - 2021-10-08 17:57:00 --> Call to undefined method CodeIgniter\HTTP\IncomingRequest::getType()
#0 /Users/eduardorodriguez/Sites/localhost/igle_admin/vendor/codeigniter4/framework/system/CodeIgniter.php(802): App\Controllers\Admin\Pueblo->store()
#1 /Users/eduardorodriguez/Sites/localhost/igle_admin/vendor/codeigniter4/framework/system/CodeIgniter.php(399): CodeIgniter\CodeIgniter->runController(Object(App\Controllers\Admin\Pueblo))
#2 /Users/eduardorodriguez/Sites/localhost/igle_admin/vendor/codeigniter4/framework/system/CodeIgniter.php(317): CodeIgniter\CodeIgniter->handleRequest(NULL, Object(Config\Cache), false)
#3 /Users/eduardorodriguez/Sites/localhost/igle_admin/index.php(37): CodeIgniter\CodeIgniter->run()
#4 {main}
