CRITICAL - 2021-09-21 08:15:23 --> Invalid file: ../include/header_login.php
#0 /Users/eduardorodriguez/Sites/localhost/igle_admin/vendor/codeigniter4/framework/system/View/View.php(198): CodeIgniter\Exceptions\FrameworkException::forInvalidFile('../include/head...')
#1 /Users/eduardorodriguez/Sites/localhost/igle_admin/vendor/codeigniter4/framework/system/View/View.php(432): CodeIgniter\View\View->render('../include/head...', NULL, true)
#2 /Users/eduardorodriguez/Sites/localhost/igle_admin/app/Views/login/login.php(23): CodeIgniter\View\View->include('../include/head...')
#3 /Users/eduardorodriguez/Sites/localhost/igle_admin/vendor/codeigniter4/framework/system/View/View.php(214): include('/Users/eduardor...')
#4 /Users/eduardorodriguez/Sites/localhost/igle_admin/vendor/codeigniter4/framework/system/View/View.php(217): CodeIgniter\View\View->CodeIgniter\View\{closure}()
#5 /Users/eduardorodriguez/Sites/localhost/igle_admin/vendor/codeigniter4/framework/system/Common.php(1092): CodeIgniter\View\View->render('login/login', Array, true)
#6 /Users/eduardorodriguez/Sites/localhost/igle_admin/app/Controllers/Login.php(16): view('login/login', Array)
#7 /Users/eduardorodriguez/Sites/localhost/igle_admin/vendor/codeigniter4/framework/system/CodeIgniter.php(802): App\Controllers\login->index()
#8 /Users/eduardorodriguez/Sites/localhost/igle_admin/vendor/codeigniter4/framework/system/CodeIgniter.php(399): CodeIgniter\CodeIgniter->runController(Object(App\Controllers\login))
#9 /Users/eduardorodriguez/Sites/localhost/igle_admin/vendor/codeigniter4/framework/system/CodeIgniter.php(317): CodeIgniter\CodeIgniter->handleRequest(NULL, Object(Config\Cache), false)
#10 /Users/eduardorodriguez/Sites/localhost/igle_admin/public/index.php(37): CodeIgniter\CodeIgniter->run()
#11 {main}
CRITICAL - 2021-09-21 08:16:27 --> Invalid file: ../include/footer_login.php
#0 /Users/eduardorodriguez/Sites/localhost/igle_admin/vendor/codeigniter4/framework/system/View/View.php(198): CodeIgniter\Exceptions\FrameworkException::forInvalidFile('../include/foot...')
#1 /Users/eduardorodriguez/Sites/localhost/igle_admin/vendor/codeigniter4/framework/system/View/View.php(432): CodeIgniter\View\View->render('../include/foot...', NULL, true)
#2 /Users/eduardorodriguez/Sites/localhost/igle_admin/app/Views/login/login.php(24): CodeIgniter\View\View->include('../include/foot...')
#3 /Users/eduardorodriguez/Sites/localhost/igle_admin/vendor/codeigniter4/framework/system/View/View.php(214): include('/Users/eduardor...')
#4 /Users/eduardorodriguez/Sites/localhost/igle_admin/vendor/codeigniter4/framework/system/View/View.php(217): CodeIgniter\View\View->CodeIgniter\View\{closure}()
#5 /Users/eduardorodriguez/Sites/localhost/igle_admin/vendor/codeigniter4/framework/system/Common.php(1092): CodeIgniter\View\View->render('login/login', Array, true)
#6 /Users/eduardorodriguez/Sites/localhost/igle_admin/app/Controllers/Login.php(16): view('login/login', Array)
#7 /Users/eduardorodriguez/Sites/localhost/igle_admin/vendor/codeigniter4/framework/system/CodeIgniter.php(802): App\Controllers\login->index()
#8 /Users/eduardorodriguez/Sites/localhost/igle_admin/vendor/codeigniter4/framework/system/CodeIgniter.php(399): CodeIgniter\CodeIgniter->runController(Object(App\Controllers\login))
#9 /Users/eduardorodriguez/Sites/localhost/igle_admin/vendor/codeigniter4/framework/system/CodeIgniter.php(317): CodeIgniter\CodeIgniter->handleRequest(NULL, Object(Config\Cache), false)
#10 /Users/eduardorodriguez/Sites/localhost/igle_admin/public/index.php(37): CodeIgniter\CodeIgniter->run()
#11 {main}
CRITICAL - 2021-09-21 08:31:42 --> Invalid file: include/copyright.php
#0 /Users/eduardorodriguez/Sites/localhost/igle_admin/vendor/codeigniter4/framework/system/View/View.php(198): CodeIgniter\Exceptions\FrameworkException::forInvalidFile('include/copyrig...')
#1 /Users/eduardorodriguez/Sites/localhost/igle_admin/vendor/codeigniter4/framework/system/View/View.php(432): CodeIgniter\View\View->render('include/copyrig...', NULL, true)
#2 /Users/eduardorodriguez/Sites/localhost/igle_admin/app/Views/login/login.php(26): CodeIgniter\View\View->include('include/copyrig...')
#3 /Users/eduardorodriguez/Sites/localhost/igle_admin/vendor/codeigniter4/framework/system/View/View.php(214): include('/Users/eduardor...')
#4 /Users/eduardorodriguez/Sites/localhost/igle_admin/vendor/codeigniter4/framework/system/View/View.php(217): CodeIgniter\View\View->CodeIgniter\View\{closure}()
#5 /Users/eduardorodriguez/Sites/localhost/igle_admin/vendor/codeigniter4/framework/system/View/View.php(230): CodeIgniter\View\View->render('login/login', Array, true)
#6 /Users/eduardorodriguez/Sites/localhost/igle_admin/vendor/codeigniter4/framework/system/Common.php(1092): CodeIgniter\View\View->render('login/iniciarse...', Array, true)
#7 /Users/eduardorodriguez/Sites/localhost/igle_admin/app/Controllers/Login.php(16): view('login/iniciarse...', Array)
#8 /Users/eduardorodriguez/Sites/localhost/igle_admin/vendor/codeigniter4/framework/system/CodeIgniter.php(802): App\Controllers\login->index()
#9 /Users/eduardorodriguez/Sites/localhost/igle_admin/vendor/codeigniter4/framework/system/CodeIgniter.php(399): CodeIgniter\CodeIgniter->runController(Object(App\Controllers\login))
#10 /Users/eduardorodriguez/Sites/localhost/igle_admin/vendor/codeigniter4/framework/system/CodeIgniter.php(317): CodeIgniter\CodeIgniter->handleRequest(NULL, Object(Config\Cache), false)
#11 /Users/eduardorodriguez/Sites/localhost/igle_admin/public/index.php(37): CodeIgniter\CodeIgniter->run()
#12 {main}
CRITICAL - 2021-09-21 08:31:51 --> Invalid file: include/copyright.php
#0 /Users/eduardorodriguez/Sites/localhost/igle_admin/vendor/codeigniter4/framework/system/View/View.php(198): CodeIgniter\Exceptions\FrameworkException::forInvalidFile('include/copyrig...')
#1 /Users/eduardorodriguez/Sites/localhost/igle_admin/vendor/codeigniter4/framework/system/View/View.php(432): CodeIgniter\View\View->render('include/copyrig...', NULL, true)
#2 /Users/eduardorodriguez/Sites/localhost/igle_admin/app/Views/login/login.php(26): CodeIgniter\View\View->include('include/copyrig...')
#3 /Users/eduardorodriguez/Sites/localhost/igle_admin/vendor/codeigniter4/framework/system/View/View.php(214): include('/Users/eduardor...')
#4 /Users/eduardorodriguez/Sites/localhost/igle_admin/vendor/codeigniter4/framework/system/View/View.php(217): CodeIgniter\View\View->CodeIgniter\View\{closure}()
#5 /Users/eduardorodriguez/Sites/localhost/igle_admin/vendor/codeigniter4/framework/system/View/View.php(230): CodeIgniter\View\View->render('login/login', Array, true)
#6 /Users/eduardorodriguez/Sites/localhost/igle_admin/vendor/codeigniter4/framework/system/Common.php(1092): CodeIgniter\View\View->render('login/iniciarse...', Array, true)
#7 /Users/eduardorodriguez/Sites/localhost/igle_admin/app/Controllers/Login.php(16): view('login/iniciarse...', Array)
#8 /Users/eduardorodriguez/Sites/localhost/igle_admin/vendor/codeigniter4/framework/system/CodeIgniter.php(802): App\Controllers\login->index()
#9 /Users/eduardorodriguez/Sites/localhost/igle_admin/vendor/codeigniter4/framework/system/CodeIgniter.php(399): CodeIgniter\CodeIgniter->runController(Object(App\Controllers\login))
#10 /Users/eduardorodriguez/Sites/localhost/igle_admin/vendor/codeigniter4/framework/system/CodeIgniter.php(317): CodeIgniter\CodeIgniter->handleRequest(NULL, Object(Config\Cache), false)
#11 /Users/eduardorodriguez/Sites/localhost/igle_admin/public/index.php(37): CodeIgniter\CodeIgniter->run()
#12 {main}
ERROR - 2021-09-21 11:05:25 --> Cannot add foreign key constraint
ERROR - 2021-09-21 11:11:42 --> Unknown table 'igleadmin.areasdeservicionporuser'
CRITICAL - 2021-09-21 11:11:42 --> Cannot declare class App\Database\Migrations\Areasdeservicioporuser, because the name is already in use
#0 [internal function]: CodeIgniter\Debug\Exceptions->shutdownHandler()
#1 {main}
ERROR - 2021-09-21 11:13:06 --> Unknown table 'igleadmin.areasdeservicionporuser'
CRITICAL - 2021-09-21 11:13:06 --> Cannot declare class App\Database\Migrations\Areasdeservicio, because the name is already in use
#0 [internal function]: CodeIgniter\Debug\Exceptions->shutdownHandler()
#1 {main}
ERROR - 2021-09-21 11:14:01 --> Unknown table 'igleadmin.areasdeservicio'
ERROR - 2021-09-21 11:14:01 --> Unknown table 'igleadmin.escueladelavision'
ERROR - 2021-09-21 11:14:01 --> Unknown table 'igleadmin.casesdepaz'
ERROR - 2021-09-21 11:14:01 --> Table 'casesdepaz' already exists
CRITICAL - 2021-09-21 11:14:01 --> Cannot declare class App\Database\Migrations\Escueladelavision, because the name is already in use
#0 [internal function]: CodeIgniter\Debug\Exceptions->shutdownHandler()
#1 {main}
ERROR - 2021-09-21 11:15:30 --> Unknown table 'igleadmin.casesdepaz'
ERROR - 2021-09-21 11:15:30 --> Table 'casesdepaz' already exists
CRITICAL - 2021-09-21 11:15:30 --> Cannot declare class App\Database\Migrations\Areasdeservicio, because the name is already in use
#0 [internal function]: CodeIgniter\Debug\Exceptions->shutdownHandler()
#1 {main}
ERROR - 2021-09-21 11:15:48 --> Unknown table 'igleadmin.casesdepaz'
ERROR - 2021-09-21 11:15:49 --> Table 'casesdepaz' already exists
ERROR - 2021-09-21 11:16:20 --> Unknown table 'igleadmin.casesdepaz'
CRITICAL - 2021-09-21 11:16:20 --> Cannot declare class App\Database\Migrations\Redes, because the name is already in use
#0 [internal function]: CodeIgniter\Debug\Exceptions->shutdownHandler()
#1 {main}
ERROR - 2021-09-21 11:17:11 --> Unknown table 'igleadmin.redes'
ERROR - 2021-09-21 11:17:11 --> Unknown table 'igleadmin.blog'
ERROR - 2021-09-21 11:17:11 --> Table 'users' already exists
ERROR - 2021-09-21 11:17:11 --> Table 'casesdepaz' already exists
ERROR - 2021-09-21 11:18:03 --> Unknown table 'igleadmin.areasdeservicionporuser'
ERROR - 2021-09-21 11:18:03 --> Unknown table 'igleadmin.casesdepaz'
ERROR - 2021-09-21 11:18:03 --> Unknown table 'igleadmin.blog'
ERROR - 2021-09-21 11:18:03 --> Table 'users' already exists
ERROR - 2021-09-21 11:18:03 --> Cannot add foreign key constraint
ERROR - 2021-09-21 11:18:03 --> Table 'casesdepaz' already exists
ERROR - 2021-09-21 11:19:35 --> Unknown table 'igleadmin.areasdeservicioporuser'
ERROR - 2021-09-21 11:19:35 --> Unknown table 'igleadmin.casesdepaz'
ERROR - 2021-09-21 11:19:35 --> Unknown table 'igleadmin.blog'
ERROR - 2021-09-21 11:19:35 --> Table 'users' already exists
ERROR - 2021-09-21 11:19:36 --> Cannot add foreign key constraint
ERROR - 2021-09-21 11:19:36 --> Table 'casesdepaz' already exists
ERROR - 2021-09-21 11:20:42 --> Unknown table 'igleadmin.areasdeservicioporuser'
ERROR - 2021-09-21 11:20:42 --> Unknown table 'igleadmin.casesdepaz'
ERROR - 2021-09-21 11:20:42 --> Unknown table 'igleadmin.blog'
ERROR - 2021-09-21 11:20:42 --> Table 'users' already exists
ERROR - 2021-09-21 11:20:42 --> Cannot add foreign key constraint
ERROR - 2021-09-21 11:20:42 --> Table 'casesdepaz' already exists
ERROR - 2021-09-21 11:35:11 --> Unknown table 'igleadmin.esculadelavisionporuser'
ERROR - 2021-09-21 11:35:11 --> Unknown table 'igleadmin.casesdepaz'
ERROR - 2021-09-21 11:35:11 --> Unknown table 'igleadmin.blog'
ERROR - 2021-09-21 11:35:11 --> Table 'users' already exists
ERROR - 2021-09-21 11:35:11 --> Cannot add foreign key constraint
ERROR - 2021-09-21 11:35:11 --> Cannot add foreign key constraint
ERROR - 2021-09-21 11:35:11 --> Table 'casesdepaz' already exists
ERROR - 2021-09-21 12:25:28 --> Cannot add or update a child row: a foreign key constraint fails (`igleadmin`.`users`, CONSTRAINT `grupos` FOREIGN KEY (`type`) REFERENCES `groups` (`id_group`) ON DELETE CASCADE)
ERROR - 2021-09-21 12:47:02 --> Cannot add or update a child row: a foreign key constraint fails (`igleadmin`.`users`, CONSTRAINT `grupos` FOREIGN KEY (`type`) REFERENCES `groups` (`id_group`) ON DELETE CASCADE)
ERROR - 2021-09-21 12:47:02 --> Unknown column 'created_at' in 'field list'
ERROR - 2021-09-21 12:47:02 --> Unknown column 'created_at' in 'field list'
ERROR - 2021-09-21 12:47:02 --> Unknown column 'created_at' in 'field list'
ERROR - 2021-09-21 12:48:00 --> Cannot add or update a child row: a foreign key constraint fails (`igleadmin`.`users`, CONSTRAINT `grupos` FOREIGN KEY (`type`) REFERENCES `groups` (`id_group`) ON DELETE CASCADE)
ERROR - 2021-09-21 12:48:00 --> Unknown column 'created_at' in 'field list'
ERROR - 2021-09-21 12:48:00 --> Unknown column 'created_at' in 'field list'
ERROR - 2021-09-21 12:48:00 --> Unknown column 'created_at' in 'field list'
ERROR - 2021-09-21 12:49:05 --> Cannot add or update a child row: a foreign key constraint fails (`igleadmin`.`users`, CONSTRAINT `grupos` FOREIGN KEY (`type`) REFERENCES `groups` (`id_group`) ON DELETE CASCADE)
ERROR - 2021-09-21 12:49:05 --> Unknown column 'created_at' in 'field list'
ERROR - 2021-09-21 12:49:05 --> Unknown column 'created_at' in 'field list'
ERROR - 2021-09-21 12:49:05 --> Unknown column 'created_at' in 'field list'
ERROR - 2021-09-21 12:50:16 --> Cannot add or update a child row: a foreign key constraint fails (`igleadmin`.`users`, CONSTRAINT `grupos` FOREIGN KEY (`type`) REFERENCES `groups` (`id_group`) ON DELETE CASCADE)
ERROR - 2021-09-21 12:50:16 --> Unknown column 'created_at' in 'field list'
ERROR - 2021-09-21 12:50:16 --> Unknown column 'created_at' in 'field list'
ERROR - 2021-09-21 12:50:16 --> Unknown column 'created_at' in 'field list'
ERROR - 2021-09-21 12:53:30 --> Unknown column 'created_at' in 'field list'
ERROR - 2021-09-21 12:55:15 --> Unknown column 'created_at' in 'field list'
ERROR - 2021-09-21 13:02:46 --> Unknown column 'created_at' in 'field list'
ERROR - 2021-09-21 13:02:46 --> Unknown column 'created_at' in 'field list'
ERROR - 2021-09-21 13:04:41 --> You have an error in your SQL syntax; check the manual that corresponds to your MySQL server version for the right syntax to use near '0, 1) VALUES (('admin','2021-09-21 13:04:41','2021-09-21 13:04:41'), ('user','20' at line 1
ERROR - 2021-09-21 13:05:18 --> You have an error in your SQL syntax; check the manual that corresponds to your MySQL server version for the right syntax to use near '0, 1) VALUES (('admin','2021-09-21 13:05:18','2021-09-21 13:05:18'), ('user','20' at line 1
ERROR - 2021-09-21 13:05:45 --> You have an error in your SQL syntax; check the manual that corresponds to your MySQL server version for the right syntax to use near '0, 1) VALUES (('admin'), ('usuario'))' at line 1
ERROR - 2021-09-21 13:07:57 --> Unknown column 'created_at' in 'field list'
ERROR - 2021-09-21 13:10:37 --> Unknown column 'created_at' in 'field list'
ERROR - 2021-09-21 13:14:14 --> Unknown column 'created_at' in 'field list'
ERROR - 2021-09-21 13:14:49 --> Unknown column 'created_at' in 'field list'
CRITICAL - 2021-09-21 14:04:45 --> syntax error, unexpected 'use' (T_USE), expecting '{'
#0 /Users/eduardorodriguez/Sites/localhost/igle_admin/vendor/codeigniter4/framework/system/Autoloader/Autoloader.php(241): CodeIgniter\Autoloader\Autoloader->includeFile('/Users/eduardor...')
#1 /Users/eduardorodriguez/Sites/localhost/igle_admin/vendor/codeigniter4/framework/system/Autoloader/Autoloader.php(219): CodeIgniter\Autoloader\Autoloader->loadInNamespace('App\\Controllers...')
#2 [internal function]: CodeIgniter\Autoloader\Autoloader->loadClass('App\\Controllers...')
#3 [internal function]: spl_autoload_call('App\\Controllers...')
#4 /Users/eduardorodriguez/Sites/localhost/igle_admin/vendor/codeigniter4/framework/system/CodeIgniter.php(767): class_exists('\\App\\Controller...', true)
#5 /Users/eduardorodriguez/Sites/localhost/igle_admin/vendor/codeigniter4/framework/system/CodeIgniter.php(386): CodeIgniter\CodeIgniter->startController()
#6 /Users/eduardorodriguez/Sites/localhost/igle_admin/vendor/codeigniter4/framework/system/CodeIgniter.php(317): CodeIgniter\CodeIgniter->handleRequest(NULL, Object(Config\Cache), false)
#7 /Users/eduardorodriguez/Sites/localhost/igle_admin/public/index.php(37): CodeIgniter\CodeIgniter->run()
#8 {main}
CRITICAL - 2021-09-21 14:05:08 --> syntax error, unexpected 'use' (T_USE), expecting '{'
#0 /Users/eduardorodriguez/Sites/localhost/igle_admin/vendor/codeigniter4/framework/system/Autoloader/Autoloader.php(241): CodeIgniter\Autoloader\Autoloader->includeFile('/Users/eduardor...')
#1 /Users/eduardorodriguez/Sites/localhost/igle_admin/vendor/codeigniter4/framework/system/Autoloader/Autoloader.php(219): CodeIgniter\Autoloader\Autoloader->loadInNamespace('App\\Controllers...')
#2 [internal function]: CodeIgniter\Autoloader\Autoloader->loadClass('App\\Controllers...')
#3 [internal function]: spl_autoload_call('App\\Controllers...')
#4 /Users/eduardorodriguez/Sites/localhost/igle_admin/vendor/codeigniter4/framework/system/CodeIgniter.php(767): class_exists('\\App\\Controller...', true)
#5 /Users/eduardorodriguez/Sites/localhost/igle_admin/vendor/codeigniter4/framework/system/CodeIgniter.php(386): CodeIgniter\CodeIgniter->startController()
#6 /Users/eduardorodriguez/Sites/localhost/igle_admin/vendor/codeigniter4/framework/system/CodeIgniter.php(317): CodeIgniter\CodeIgniter->handleRequest(NULL, Object(Config\Cache), false)
#7 /Users/eduardorodriguez/Sites/localhost/igle_admin/public/index.php(37): CodeIgniter\CodeIgniter->run()
#8 {main}
CRITICAL - 2021-09-21 14:05:09 --> syntax error, unexpected 'use' (T_USE), expecting '{'
#0 /Users/eduardorodriguez/Sites/localhost/igle_admin/vendor/codeigniter4/framework/system/Autoloader/Autoloader.php(241): CodeIgniter\Autoloader\Autoloader->includeFile('/Users/eduardor...')
#1 /Users/eduardorodriguez/Sites/localhost/igle_admin/vendor/codeigniter4/framework/system/Autoloader/Autoloader.php(219): CodeIgniter\Autoloader\Autoloader->loadInNamespace('App\\Controllers...')
#2 [internal function]: CodeIgniter\Autoloader\Autoloader->loadClass('App\\Controllers...')
#3 [internal function]: spl_autoload_call('App\\Controllers...')
#4 /Users/eduardorodriguez/Sites/localhost/igle_admin/vendor/codeigniter4/framework/system/CodeIgniter.php(767): class_exists('\\App\\Controller...', true)
#5 /Users/eduardorodriguez/Sites/localhost/igle_admin/vendor/codeigniter4/framework/system/CodeIgniter.php(386): CodeIgniter\CodeIgniter->startController()
#6 /Users/eduardorodriguez/Sites/localhost/igle_admin/vendor/codeigniter4/framework/system/CodeIgniter.php(317): CodeIgniter\CodeIgniter->handleRequest(NULL, Object(Config\Cache), false)
#7 /Users/eduardorodriguez/Sites/localhost/igle_admin/public/index.php(37): CodeIgniter\CodeIgniter->run()
#8 {main}
CRITICAL - 2021-09-21 14:05:24 --> syntax error, unexpected 'use' (T_USE), expecting '{'
#0 /Users/eduardorodriguez/Sites/localhost/igle_admin/vendor/codeigniter4/framework/system/Autoloader/Autoloader.php(241): CodeIgniter\Autoloader\Autoloader->includeFile('/Users/eduardor...')
#1 /Users/eduardorodriguez/Sites/localhost/igle_admin/vendor/codeigniter4/framework/system/Autoloader/Autoloader.php(219): CodeIgniter\Autoloader\Autoloader->loadInNamespace('App\\Controllers...')
#2 [internal function]: CodeIgniter\Autoloader\Autoloader->loadClass('App\\Controllers...')
#3 [internal function]: spl_autoload_call('App\\Controllers...')
#4 /Users/eduardorodriguez/Sites/localhost/igle_admin/vendor/codeigniter4/framework/system/CodeIgniter.php(767): class_exists('\\App\\Controller...', true)
#5 /Users/eduardorodriguez/Sites/localhost/igle_admin/vendor/codeigniter4/framework/system/CodeIgniter.php(386): CodeIgniter\CodeIgniter->startController()
#6 /Users/eduardorodriguez/Sites/localhost/igle_admin/vendor/codeigniter4/framework/system/CodeIgniter.php(317): CodeIgniter\CodeIgniter->handleRequest(NULL, Object(Config\Cache), false)
#7 /Users/eduardorodriguez/Sites/localhost/igle_admin/public/index.php(37): CodeIgniter\CodeIgniter->run()
#8 {main}
CRITICAL - 2021-09-21 14:05:25 --> syntax error, unexpected 'use' (T_USE), expecting '{'
#0 /Users/eduardorodriguez/Sites/localhost/igle_admin/vendor/codeigniter4/framework/system/Autoloader/Autoloader.php(241): CodeIgniter\Autoloader\Autoloader->includeFile('/Users/eduardor...')
#1 /Users/eduardorodriguez/Sites/localhost/igle_admin/vendor/codeigniter4/framework/system/Autoloader/Autoloader.php(219): CodeIgniter\Autoloader\Autoloader->loadInNamespace('App\\Controllers...')
#2 [internal function]: CodeIgniter\Autoloader\Autoloader->loadClass('App\\Controllers...')
#3 [internal function]: spl_autoload_call('App\\Controllers...')
#4 /Users/eduardorodriguez/Sites/localhost/igle_admin/vendor/codeigniter4/framework/system/CodeIgniter.php(767): class_exists('\\App\\Controller...', true)
#5 /Users/eduardorodriguez/Sites/localhost/igle_admin/vendor/codeigniter4/framework/system/CodeIgniter.php(386): CodeIgniter\CodeIgniter->startController()
#6 /Users/eduardorodriguez/Sites/localhost/igle_admin/vendor/codeigniter4/framework/system/CodeIgniter.php(317): CodeIgniter\CodeIgniter->handleRequest(NULL, Object(Config\Cache), false)
#7 /Users/eduardorodriguez/Sites/localhost/igle_admin/public/index.php(37): CodeIgniter\CodeIgniter->run()
#8 {main}
CRITICAL - 2021-09-21 14:05:26 --> syntax error, unexpected 'use' (T_USE), expecting '{'
#0 /Users/eduardorodriguez/Sites/localhost/igle_admin/vendor/codeigniter4/framework/system/Autoloader/Autoloader.php(241): CodeIgniter\Autoloader\Autoloader->includeFile('/Users/eduardor...')
#1 /Users/eduardorodriguez/Sites/localhost/igle_admin/vendor/codeigniter4/framework/system/Autoloader/Autoloader.php(219): CodeIgniter\Autoloader\Autoloader->loadInNamespace('App\\Controllers...')
#2 [internal function]: CodeIgniter\Autoloader\Autoloader->loadClass('App\\Controllers...')
#3 [internal function]: spl_autoload_call('App\\Controllers...')
#4 /Users/eduardorodriguez/Sites/localhost/igle_admin/vendor/codeigniter4/framework/system/CodeIgniter.php(767): class_exists('\\App\\Controller...', true)
#5 /Users/eduardorodriguez/Sites/localhost/igle_admin/vendor/codeigniter4/framework/system/CodeIgniter.php(386): CodeIgniter\CodeIgniter->startController()
#6 /Users/eduardorodriguez/Sites/localhost/igle_admin/vendor/codeigniter4/framework/system/CodeIgniter.php(317): CodeIgniter\CodeIgniter->handleRequest(NULL, Object(Config\Cache), false)
#7 /Users/eduardorodriguez/Sites/localhost/igle_admin/public/index.php(37): CodeIgniter\CodeIgniter->run()
#8 {main}
CRITICAL - 2021-09-21 14:05:26 --> syntax error, unexpected 'use' (T_USE), expecting '{'
#0 /Users/eduardorodriguez/Sites/localhost/igle_admin/vendor/codeigniter4/framework/system/Autoloader/Autoloader.php(241): CodeIgniter\Autoloader\Autoloader->includeFile('/Users/eduardor...')
#1 /Users/eduardorodriguez/Sites/localhost/igle_admin/vendor/codeigniter4/framework/system/Autoloader/Autoloader.php(219): CodeIgniter\Autoloader\Autoloader->loadInNamespace('App\\Controllers...')
#2 [internal function]: CodeIgniter\Autoloader\Autoloader->loadClass('App\\Controllers...')
#3 [internal function]: spl_autoload_call('App\\Controllers...')
#4 /Users/eduardorodriguez/Sites/localhost/igle_admin/vendor/codeigniter4/framework/system/CodeIgniter.php(767): class_exists('\\App\\Controller...', true)
#5 /Users/eduardorodriguez/Sites/localhost/igle_admin/vendor/codeigniter4/framework/system/CodeIgniter.php(386): CodeIgniter\CodeIgniter->startController()
#6 /Users/eduardorodriguez/Sites/localhost/igle_admin/vendor/codeigniter4/framework/system/CodeIgniter.php(317): CodeIgniter\CodeIgniter->handleRequest(NULL, Object(Config\Cache), false)
#7 /Users/eduardorodriguez/Sites/localhost/igle_admin/public/index.php(37): CodeIgniter\CodeIgniter->run()
#8 {main}
CRITICAL - 2021-09-21 14:08:11 --> Class 'App\Controllers\Auth\BaseController' not found
#0 /Users/eduardorodriguez/Sites/localhost/igle_admin/vendor/codeigniter4/framework/system/Autoloader/Autoloader.php(264): include_once()
#1 /Users/eduardorodriguez/Sites/localhost/igle_admin/vendor/codeigniter4/framework/system/Autoloader/Autoloader.php(241): CodeIgniter\Autoloader\Autoloader->includeFile('/Users/eduardor...')
#2 /Users/eduardorodriguez/Sites/localhost/igle_admin/vendor/codeigniter4/framework/system/Autoloader/Autoloader.php(219): CodeIgniter\Autoloader\Autoloader->loadInNamespace('App\\Controllers...')
#3 [internal function]: CodeIgniter\Autoloader\Autoloader->loadClass('App\\Controllers...')
#4 [internal function]: spl_autoload_call('App\\Controllers...')
#5 /Users/eduardorodriguez/Sites/localhost/igle_admin/vendor/codeigniter4/framework/system/CodeIgniter.php(767): class_exists('\\App\\Controller...', true)
#6 /Users/eduardorodriguez/Sites/localhost/igle_admin/vendor/codeigniter4/framework/system/CodeIgniter.php(386): CodeIgniter\CodeIgniter->startController()
#7 /Users/eduardorodriguez/Sites/localhost/igle_admin/vendor/codeigniter4/framework/system/CodeIgniter.php(317): CodeIgniter\CodeIgniter->handleRequest(NULL, Object(Config\Cache), false)
#8 /Users/eduardorodriguez/Sites/localhost/igle_admin/public/index.php(37): CodeIgniter\CodeIgniter->run()
#9 {main}
CRITICAL - 2021-09-21 14:08:30 --> Class 'App\Controllers\Auth\BaseController' not found
#0 /Users/eduardorodriguez/Sites/localhost/igle_admin/vendor/codeigniter4/framework/system/Autoloader/Autoloader.php(264): include_once()
#1 /Users/eduardorodriguez/Sites/localhost/igle_admin/vendor/codeigniter4/framework/system/Autoloader/Autoloader.php(241): CodeIgniter\Autoloader\Autoloader->includeFile('/Users/eduardor...')
#2 /Users/eduardorodriguez/Sites/localhost/igle_admin/vendor/codeigniter4/framework/system/Autoloader/Autoloader.php(219): CodeIgniter\Autoloader\Autoloader->loadInNamespace('App\\Controllers...')
#3 [internal function]: CodeIgniter\Autoloader\Autoloader->loadClass('App\\Controllers...')
#4 [internal function]: spl_autoload_call('App\\Controllers...')
#5 /Users/eduardorodriguez/Sites/localhost/igle_admin/vendor/codeigniter4/framework/system/CodeIgniter.php(767): class_exists('\\App\\Controller...', true)
#6 /Users/eduardorodriguez/Sites/localhost/igle_admin/vendor/codeigniter4/framework/system/CodeIgniter.php(386): CodeIgniter\CodeIgniter->startController()
#7 /Users/eduardorodriguez/Sites/localhost/igle_admin/vendor/codeigniter4/framework/system/CodeIgniter.php(317): CodeIgniter\CodeIgniter->handleRequest(NULL, Object(Config\Cache), false)
#8 /Users/eduardorodriguez/Sites/localhost/igle_admin/public/index.php(37): CodeIgniter\CodeIgniter->run()
#9 {main}
CRITICAL - 2021-09-21 14:09:14 --> Class 'App\Controllers\Auth\BaseController' not found
#0 /Users/eduardorodriguez/Sites/localhost/igle_admin/vendor/codeigniter4/framework/system/Autoloader/Autoloader.php(264): include_once()
#1 /Users/eduardorodriguez/Sites/localhost/igle_admin/vendor/codeigniter4/framework/system/Autoloader/Autoloader.php(241): CodeIgniter\Autoloader\Autoloader->includeFile('/Users/eduardor...')
#2 /Users/eduardorodriguez/Sites/localhost/igle_admin/vendor/codeigniter4/framework/system/Autoloader/Autoloader.php(219): CodeIgniter\Autoloader\Autoloader->loadInNamespace('App\\Controllers...')
#3 [internal function]: CodeIgniter\Autoloader\Autoloader->loadClass('App\\Controllers...')
#4 [internal function]: spl_autoload_call('App\\Controllers...')
#5 /Users/eduardorodriguez/Sites/localhost/igle_admin/vendor/codeigniter4/framework/system/CodeIgniter.php(767): class_exists('\\App\\Controller...', true)
#6 /Users/eduardorodriguez/Sites/localhost/igle_admin/vendor/codeigniter4/framework/system/CodeIgniter.php(386): CodeIgniter\CodeIgniter->startController()
#7 /Users/eduardorodriguez/Sites/localhost/igle_admin/vendor/codeigniter4/framework/system/CodeIgniter.php(317): CodeIgniter\CodeIgniter->handleRequest(NULL, Object(Config\Cache), false)
#8 /Users/eduardorodriguez/Sites/localhost/igle_admin/public/index.php(37): CodeIgniter\CodeIgniter->run()
#9 {main}
CRITICAL - 2021-09-21 14:10:38 --> Class 'App\Controllers\Auth\BaseController' not found
#0 /Users/eduardorodriguez/Sites/localhost/igle_admin/vendor/codeigniter4/framework/system/Autoloader/Autoloader.php(264): include_once()
#1 /Users/eduardorodriguez/Sites/localhost/igle_admin/vendor/codeigniter4/framework/system/Autoloader/Autoloader.php(241): CodeIgniter\Autoloader\Autoloader->includeFile('/Users/eduardor...')
#2 /Users/eduardorodriguez/Sites/localhost/igle_admin/vendor/codeigniter4/framework/system/Autoloader/Autoloader.php(219): CodeIgniter\Autoloader\Autoloader->loadInNamespace('App\\Controllers...')
#3 [internal function]: CodeIgniter\Autoloader\Autoloader->loadClass('App\\Controllers...')
#4 [internal function]: spl_autoload_call('App\\Controllers...')
#5 /Users/eduardorodriguez/Sites/localhost/igle_admin/vendor/codeigniter4/framework/system/CodeIgniter.php(767): class_exists('\\App\\Controller...', true)
#6 /Users/eduardorodriguez/Sites/localhost/igle_admin/vendor/codeigniter4/framework/system/CodeIgniter.php(386): CodeIgniter\CodeIgniter->startController()
#7 /Users/eduardorodriguez/Sites/localhost/igle_admin/vendor/codeigniter4/framework/system/CodeIgniter.php(317): CodeIgniter\CodeIgniter->handleRequest(NULL, Object(Config\Cache), false)
#8 /Users/eduardorodriguez/Sites/localhost/igle_admin/public/index.php(37): CodeIgniter\CodeIgniter->run()
#9 {main}
CRITICAL - 2021-09-21 14:11:14 --> Class 'App\Controllers\Auth\BaseController' not found
#0 /Users/eduardorodriguez/Sites/localhost/igle_admin/vendor/codeigniter4/framework/system/Autoloader/Autoloader.php(264): include_once()
#1 /Users/eduardorodriguez/Sites/localhost/igle_admin/vendor/codeigniter4/framework/system/Autoloader/Autoloader.php(241): CodeIgniter\Autoloader\Autoloader->includeFile('/Users/eduardor...')
#2 /Users/eduardorodriguez/Sites/localhost/igle_admin/vendor/codeigniter4/framework/system/Autoloader/Autoloader.php(219): CodeIgniter\Autoloader\Autoloader->loadInNamespace('App\\Controllers...')
#3 [internal function]: CodeIgniter\Autoloader\Autoloader->loadClass('App\\Controllers...')
#4 [internal function]: spl_autoload_call('App\\Controllers...')
#5 /Users/eduardorodriguez/Sites/localhost/igle_admin/vendor/codeigniter4/framework/system/CodeIgniter.php(767): class_exists('\\App\\Controller...', true)
#6 /Users/eduardorodriguez/Sites/localhost/igle_admin/vendor/codeigniter4/framework/system/CodeIgniter.php(386): CodeIgniter\CodeIgniter->startController()
#7 /Users/eduardorodriguez/Sites/localhost/igle_admin/vendor/codeigniter4/framework/system/CodeIgniter.php(317): CodeIgniter\CodeIgniter->handleRequest(NULL, Object(Config\Cache), false)
#8 /Users/eduardorodriguez/Sites/localhost/igle_admin/public/index.php(37): CodeIgniter\CodeIgniter->run()
#9 {main}
CRITICAL - 2021-09-21 14:11:29 --> Class 'App\Controllers\Auth\BaseController' not found
#0 /Users/eduardorodriguez/Sites/localhost/igle_admin/vendor/codeigniter4/framework/system/Autoloader/Autoloader.php(264): include_once()
#1 /Users/eduardorodriguez/Sites/localhost/igle_admin/vendor/codeigniter4/framework/system/Autoloader/Autoloader.php(241): CodeIgniter\Autoloader\Autoloader->includeFile('/Users/eduardor...')
#2 /Users/eduardorodriguez/Sites/localhost/igle_admin/vendor/codeigniter4/framework/system/Autoloader/Autoloader.php(219): CodeIgniter\Autoloader\Autoloader->loadInNamespace('App\\Controllers...')
#3 [internal function]: CodeIgniter\Autoloader\Autoloader->loadClass('App\\Controllers...')
#4 [internal function]: spl_autoload_call('App\\Controllers...')
#5 /Users/eduardorodriguez/Sites/localhost/igle_admin/vendor/codeigniter4/framework/system/CodeIgniter.php(767): class_exists('\\App\\Controller...', true)
#6 /Users/eduardorodriguez/Sites/localhost/igle_admin/vendor/codeigniter4/framework/system/CodeIgniter.php(386): CodeIgniter\CodeIgniter->startController()
#7 /Users/eduardorodriguez/Sites/localhost/igle_admin/vendor/codeigniter4/framework/system/CodeIgniter.php(317): CodeIgniter\CodeIgniter->handleRequest(NULL, Object(Config\Cache), false)
#8 /Users/eduardorodriguez/Sites/localhost/igle_admin/public/index.php(37): CodeIgniter\CodeIgniter->run()
#9 {main}
CRITICAL - 2021-09-21 14:11:49 --> Class 'App\Controllers\Auth\BaseController' not found
#0 /Users/eduardorodriguez/Sites/localhost/igle_admin/vendor/codeigniter4/framework/system/Autoloader/Autoloader.php(264): include_once()
#1 /Users/eduardorodriguez/Sites/localhost/igle_admin/vendor/codeigniter4/framework/system/Autoloader/Autoloader.php(241): CodeIgniter\Autoloader\Autoloader->includeFile('/Users/eduardor...')
#2 /Users/eduardorodriguez/Sites/localhost/igle_admin/vendor/codeigniter4/framework/system/Autoloader/Autoloader.php(219): CodeIgniter\Autoloader\Autoloader->loadInNamespace('App\\Controllers...')
#3 [internal function]: CodeIgniter\Autoloader\Autoloader->loadClass('App\\Controllers...')
#4 [internal function]: spl_autoload_call('App\\Controllers...')
#5 /Users/eduardorodriguez/Sites/localhost/igle_admin/vendor/codeigniter4/framework/system/CodeIgniter.php(767): class_exists('\\App\\Controller...', true)
#6 /Users/eduardorodriguez/Sites/localhost/igle_admin/vendor/codeigniter4/framework/system/CodeIgniter.php(386): CodeIgniter\CodeIgniter->startController()
#7 /Users/eduardorodriguez/Sites/localhost/igle_admin/vendor/codeigniter4/framework/system/CodeIgniter.php(317): CodeIgniter\CodeIgniter->handleRequest(NULL, Object(Config\Cache), false)
#8 /Users/eduardorodriguez/Sites/localhost/igle_admin/public/index.php(37): CodeIgniter\CodeIgniter->run()
#9 {main}
CRITICAL - 2021-09-21 14:11:50 --> Class 'App\Controllers\Auth\BaseController' not found
#0 /Users/eduardorodriguez/Sites/localhost/igle_admin/vendor/codeigniter4/framework/system/Autoloader/Autoloader.php(264): include_once()
#1 /Users/eduardorodriguez/Sites/localhost/igle_admin/vendor/codeigniter4/framework/system/Autoloader/Autoloader.php(241): CodeIgniter\Autoloader\Autoloader->includeFile('/Users/eduardor...')
#2 /Users/eduardorodriguez/Sites/localhost/igle_admin/vendor/codeigniter4/framework/system/Autoloader/Autoloader.php(219): CodeIgniter\Autoloader\Autoloader->loadInNamespace('App\\Controllers...')
#3 [internal function]: CodeIgniter\Autoloader\Autoloader->loadClass('App\\Controllers...')
#4 [internal function]: spl_autoload_call('App\\Controllers...')
#5 /Users/eduardorodriguez/Sites/localhost/igle_admin/vendor/codeigniter4/framework/system/CodeIgniter.php(767): class_exists('\\App\\Controller...', true)
#6 /Users/eduardorodriguez/Sites/localhost/igle_admin/vendor/codeigniter4/framework/system/CodeIgniter.php(386): CodeIgniter\CodeIgniter->startController()
#7 /Users/eduardorodriguez/Sites/localhost/igle_admin/vendor/codeigniter4/framework/system/CodeIgniter.php(317): CodeIgniter\CodeIgniter->handleRequest(NULL, Object(Config\Cache), false)
#8 /Users/eduardorodriguez/Sites/localhost/igle_admin/public/index.php(37): CodeIgniter\CodeIgniter->run()
#9 {main}
CRITICAL - 2021-09-21 14:12:43 --> Class 'App\Controllers\Auth\BaseController' not found
#0 /Users/eduardorodriguez/Sites/localhost/igle_admin/vendor/codeigniter4/framework/system/Autoloader/Autoloader.php(264): include_once()
#1 /Users/eduardorodriguez/Sites/localhost/igle_admin/vendor/codeigniter4/framework/system/Autoloader/Autoloader.php(241): CodeIgniter\Autoloader\Autoloader->includeFile('/Users/eduardor...')
#2 /Users/eduardorodriguez/Sites/localhost/igle_admin/vendor/codeigniter4/framework/system/Autoloader/Autoloader.php(219): CodeIgniter\Autoloader\Autoloader->loadInNamespace('App\\Controllers...')
#3 [internal function]: CodeIgniter\Autoloader\Autoloader->loadClass('App\\Controllers...')
#4 [internal function]: spl_autoload_call('App\\Controllers...')
#5 /Users/eduardorodriguez/Sites/localhost/igle_admin/vendor/codeigniter4/framework/system/CodeIgniter.php(767): class_exists('\\App\\Controller...', true)
#6 /Users/eduardorodriguez/Sites/localhost/igle_admin/vendor/codeigniter4/framework/system/CodeIgniter.php(386): CodeIgniter\CodeIgniter->startController()
#7 /Users/eduardorodriguez/Sites/localhost/igle_admin/vendor/codeigniter4/framework/system/CodeIgniter.php(317): CodeIgniter\CodeIgniter->handleRequest(NULL, Object(Config\Cache), false)
#8 /Users/eduardorodriguez/Sites/localhost/igle_admin/public/index.php(37): CodeIgniter\CodeIgniter->run()
#9 {main}
CRITICAL - 2021-09-21 14:12:44 --> Class 'App\Controllers\Auth\BaseController' not found
#0 /Users/eduardorodriguez/Sites/localhost/igle_admin/vendor/codeigniter4/framework/system/Autoloader/Autoloader.php(264): include_once()
#1 /Users/eduardorodriguez/Sites/localhost/igle_admin/vendor/codeigniter4/framework/system/Autoloader/Autoloader.php(241): CodeIgniter\Autoloader\Autoloader->includeFile('/Users/eduardor...')
#2 /Users/eduardorodriguez/Sites/localhost/igle_admin/vendor/codeigniter4/framework/system/Autoloader/Autoloader.php(219): CodeIgniter\Autoloader\Autoloader->loadInNamespace('App\\Controllers...')
#3 [internal function]: CodeIgniter\Autoloader\Autoloader->loadClass('App\\Controllers...')
#4 [internal function]: spl_autoload_call('App\\Controllers...')
#5 /Users/eduardorodriguez/Sites/localhost/igle_admin/vendor/codeigniter4/framework/system/CodeIgniter.php(767): class_exists('\\App\\Controller...', true)
#6 /Users/eduardorodriguez/Sites/localhost/igle_admin/vendor/codeigniter4/framework/system/CodeIgniter.php(386): CodeIgniter\CodeIgniter->startController()
#7 /Users/eduardorodriguez/Sites/localhost/igle_admin/vendor/codeigniter4/framework/system/CodeIgniter.php(317): CodeIgniter\CodeIgniter->handleRequest(NULL, Object(Config\Cache), false)
#8 /Users/eduardorodriguez/Sites/localhost/igle_admin/public/index.php(37): CodeIgniter\CodeIgniter->run()
#9 {main}
CRITICAL - 2021-09-21 14:13:34 --> Cannot declare class App\Controllers\Register, because the name is already in use
#0 [internal function]: CodeIgniter\Debug\Exceptions->shutdownHandler()
#1 {main}
CRITICAL - 2021-09-21 14:14:45 --> Class 'App\Controllers\Autho\BaseController' not found
#0 /Users/eduardorodriguez/Sites/localhost/igle_admin/vendor/codeigniter4/framework/system/Autoloader/Autoloader.php(264): include_once()
#1 /Users/eduardorodriguez/Sites/localhost/igle_admin/vendor/codeigniter4/framework/system/Autoloader/Autoloader.php(241): CodeIgniter\Autoloader\Autoloader->includeFile('/Users/eduardor...')
#2 /Users/eduardorodriguez/Sites/localhost/igle_admin/vendor/codeigniter4/framework/system/Autoloader/Autoloader.php(219): CodeIgniter\Autoloader\Autoloader->loadInNamespace('App\\Controllers...')
#3 [internal function]: CodeIgniter\Autoloader\Autoloader->loadClass('App\\Controllers...')
#4 [internal function]: spl_autoload_call('App\\Controllers...')
#5 /Users/eduardorodriguez/Sites/localhost/igle_admin/vendor/codeigniter4/framework/system/CodeIgniter.php(767): class_exists('\\App\\Controller...', true)
#6 /Users/eduardorodriguez/Sites/localhost/igle_admin/vendor/codeigniter4/framework/system/CodeIgniter.php(386): CodeIgniter\CodeIgniter->startController()
#7 /Users/eduardorodriguez/Sites/localhost/igle_admin/vendor/codeigniter4/framework/system/CodeIgniter.php(317): CodeIgniter\CodeIgniter->handleRequest(NULL, Object(Config\Cache), false)
#8 /Users/eduardorodriguez/Sites/localhost/igle_admin/public/index.php(37): CodeIgniter\CodeIgniter->run()
#9 {main}
CRITICAL - 2021-09-21 14:14:46 --> Class 'App\Controllers\Autho\BaseController' not found
#0 /Users/eduardorodriguez/Sites/localhost/igle_admin/vendor/codeigniter4/framework/system/Autoloader/Autoloader.php(264): include_once()
#1 /Users/eduardorodriguez/Sites/localhost/igle_admin/vendor/codeigniter4/framework/system/Autoloader/Autoloader.php(241): CodeIgniter\Autoloader\Autoloader->includeFile('/Users/eduardor...')
#2 /Users/eduardorodriguez/Sites/localhost/igle_admin/vendor/codeigniter4/framework/system/Autoloader/Autoloader.php(219): CodeIgniter\Autoloader\Autoloader->loadInNamespace('App\\Controllers...')
#3 [internal function]: CodeIgniter\Autoloader\Autoloader->loadClass('App\\Controllers...')
#4 [internal function]: spl_autoload_call('App\\Controllers...')
#5 /Users/eduardorodriguez/Sites/localhost/igle_admin/vendor/codeigniter4/framework/system/CodeIgniter.php(767): class_exists('\\App\\Controller...', true)
#6 /Users/eduardorodriguez/Sites/localhost/igle_admin/vendor/codeigniter4/framework/system/CodeIgniter.php(386): CodeIgniter\CodeIgniter->startController()
#7 /Users/eduardorodriguez/Sites/localhost/igle_admin/vendor/codeigniter4/framework/system/CodeIgniter.php(317): CodeIgniter\CodeIgniter->handleRequest(NULL, Object(Config\Cache), false)
#8 /Users/eduardorodriguez/Sites/localhost/igle_admin/public/index.php(37): CodeIgniter\CodeIgniter->run()
#9 {main}
CRITICAL - 2021-09-21 14:14:46 --> Class 'App\Controllers\Autho\BaseController' not found
#0 /Users/eduardorodriguez/Sites/localhost/igle_admin/vendor/codeigniter4/framework/system/Autoloader/Autoloader.php(264): include_once()
#1 /Users/eduardorodriguez/Sites/localhost/igle_admin/vendor/codeigniter4/framework/system/Autoloader/Autoloader.php(241): CodeIgniter\Autoloader\Autoloader->includeFile('/Users/eduardor...')
#2 /Users/eduardorodriguez/Sites/localhost/igle_admin/vendor/codeigniter4/framework/system/Autoloader/Autoloader.php(219): CodeIgniter\Autoloader\Autoloader->loadInNamespace('App\\Controllers...')
#3 [internal function]: CodeIgniter\Autoloader\Autoloader->loadClass('App\\Controllers...')
#4 [internal function]: spl_autoload_call('App\\Controllers...')
#5 /Users/eduardorodriguez/Sites/localhost/igle_admin/vendor/codeigniter4/framework/system/CodeIgniter.php(767): class_exists('\\App\\Controller...', true)
#6 /Users/eduardorodriguez/Sites/localhost/igle_admin/vendor/codeigniter4/framework/system/CodeIgniter.php(386): CodeIgniter\CodeIgniter->startController()
#7 /Users/eduardorodriguez/Sites/localhost/igle_admin/vendor/codeigniter4/framework/system/CodeIgniter.php(317): CodeIgniter\CodeIgniter->handleRequest(NULL, Object(Config\Cache), false)
#8 /Users/eduardorodriguez/Sites/localhost/igle_admin/public/index.php(37): CodeIgniter\CodeIgniter->run()
#9 {main}
CRITICAL - 2021-09-21 14:14:47 --> Class 'App\Controllers\Autho\BaseController' not found
#0 /Users/eduardorodriguez/Sites/localhost/igle_admin/vendor/codeigniter4/framework/system/Autoloader/Autoloader.php(264): include_once()
#1 /Users/eduardorodriguez/Sites/localhost/igle_admin/vendor/codeigniter4/framework/system/Autoloader/Autoloader.php(241): CodeIgniter\Autoloader\Autoloader->includeFile('/Users/eduardor...')
#2 /Users/eduardorodriguez/Sites/localhost/igle_admin/vendor/codeigniter4/framework/system/Autoloader/Autoloader.php(219): CodeIgniter\Autoloader\Autoloader->loadInNamespace('App\\Controllers...')
#3 [internal function]: CodeIgniter\Autoloader\Autoloader->loadClass('App\\Controllers...')
#4 [internal function]: spl_autoload_call('App\\Controllers...')
#5 /Users/eduardorodriguez/Sites/localhost/igle_admin/vendor/codeigniter4/framework/system/CodeIgniter.php(767): class_exists('\\App\\Controller...', true)
#6 /Users/eduardorodriguez/Sites/localhost/igle_admin/vendor/codeigniter4/framework/system/CodeIgniter.php(386): CodeIgniter\CodeIgniter->startController()
#7 /Users/eduardorodriguez/Sites/localhost/igle_admin/vendor/codeigniter4/framework/system/CodeIgniter.php(317): CodeIgniter\CodeIgniter->handleRequest(NULL, Object(Config\Cache), false)
#8 /Users/eduardorodriguez/Sites/localhost/igle_admin/public/index.php(37): CodeIgniter\CodeIgniter->run()
#9 {main}
CRITICAL - 2021-09-21 14:14:47 --> Class 'App\Controllers\Autho\BaseController' not found
#0 /Users/eduardorodriguez/Sites/localhost/igle_admin/vendor/codeigniter4/framework/system/Autoloader/Autoloader.php(264): include_once()
#1 /Users/eduardorodriguez/Sites/localhost/igle_admin/vendor/codeigniter4/framework/system/Autoloader/Autoloader.php(241): CodeIgniter\Autoloader\Autoloader->includeFile('/Users/eduardor...')
#2 /Users/eduardorodriguez/Sites/localhost/igle_admin/vendor/codeigniter4/framework/system/Autoloader/Autoloader.php(219): CodeIgniter\Autoloader\Autoloader->loadInNamespace('App\\Controllers...')
#3 [internal function]: CodeIgniter\Autoloader\Autoloader->loadClass('App\\Controllers...')
#4 [internal function]: spl_autoload_call('App\\Controllers...')
#5 /Users/eduardorodriguez/Sites/localhost/igle_admin/vendor/codeigniter4/framework/system/CodeIgniter.php(767): class_exists('\\App\\Controller...', true)
#6 /Users/eduardorodriguez/Sites/localhost/igle_admin/vendor/codeigniter4/framework/system/CodeIgniter.php(386): CodeIgniter\CodeIgniter->startController()
#7 /Users/eduardorodriguez/Sites/localhost/igle_admin/vendor/codeigniter4/framework/system/CodeIgniter.php(317): CodeIgniter\CodeIgniter->handleRequest(NULL, Object(Config\Cache), false)
#8 /Users/eduardorodriguez/Sites/localhost/igle_admin/public/index.php(37): CodeIgniter\CodeIgniter->run()
#9 {main}
CRITICAL - 2021-09-21 14:15:05 --> Class 'App\Controllers\Autho\BaseController' not found
#0 /Users/eduardorodriguez/Sites/localhost/igle_admin/vendor/codeigniter4/framework/system/Autoloader/Autoloader.php(264): include_once()
#1 /Users/eduardorodriguez/Sites/localhost/igle_admin/vendor/codeigniter4/framework/system/Autoloader/Autoloader.php(241): CodeIgniter\Autoloader\Autoloader->includeFile('/Users/eduardor...')
#2 /Users/eduardorodriguez/Sites/localhost/igle_admin/vendor/codeigniter4/framework/system/Autoloader/Autoloader.php(219): CodeIgniter\Autoloader\Autoloader->loadInNamespace('App\\Controllers...')
#3 [internal function]: CodeIgniter\Autoloader\Autoloader->loadClass('App\\Controllers...')
#4 [internal function]: spl_autoload_call('App\\Controllers...')
#5 /Users/eduardorodriguez/Sites/localhost/igle_admin/vendor/codeigniter4/framework/system/CodeIgniter.php(767): class_exists('\\App\\Controller...', true)
#6 /Users/eduardorodriguez/Sites/localhost/igle_admin/vendor/codeigniter4/framework/system/CodeIgniter.php(386): CodeIgniter\CodeIgniter->startController()
#7 /Users/eduardorodriguez/Sites/localhost/igle_admin/vendor/codeigniter4/framework/system/CodeIgniter.php(317): CodeIgniter\CodeIgniter->handleRequest(NULL, Object(Config\Cache), false)
#8 /Users/eduardorodriguez/Sites/localhost/igle_admin/public/index.php(37): CodeIgniter\CodeIgniter->run()
#9 {main}
CRITICAL - 2021-09-21 14:15:06 --> Class 'App\Controllers\Autho\BaseController' not found
#0 /Users/eduardorodriguez/Sites/localhost/igle_admin/vendor/codeigniter4/framework/system/Autoloader/Autoloader.php(264): include_once()
#1 /Users/eduardorodriguez/Sites/localhost/igle_admin/vendor/codeigniter4/framework/system/Autoloader/Autoloader.php(241): CodeIgniter\Autoloader\Autoloader->includeFile('/Users/eduardor...')
#2 /Users/eduardorodriguez/Sites/localhost/igle_admin/vendor/codeigniter4/framework/system/Autoloader/Autoloader.php(219): CodeIgniter\Autoloader\Autoloader->loadInNamespace('App\\Controllers...')
#3 [internal function]: CodeIgniter\Autoloader\Autoloader->loadClass('App\\Controllers...')
#4 [internal function]: spl_autoload_call('App\\Controllers...')
#5 /Users/eduardorodriguez/Sites/localhost/igle_admin/vendor/codeigniter4/framework/system/CodeIgniter.php(767): class_exists('\\App\\Controller...', true)
#6 /Users/eduardorodriguez/Sites/localhost/igle_admin/vendor/codeigniter4/framework/system/CodeIgniter.php(386): CodeIgniter\CodeIgniter->startController()
#7 /Users/eduardorodriguez/Sites/localhost/igle_admin/vendor/codeigniter4/framework/system/CodeIgniter.php(317): CodeIgniter\CodeIgniter->handleRequest(NULL, Object(Config\Cache), false)
#8 /Users/eduardorodriguez/Sites/localhost/igle_admin/public/index.php(37): CodeIgniter\CodeIgniter->run()
#9 {main}
CRITICAL - 2021-09-21 14:15:06 --> Class 'App\Controllers\Autho\BaseController' not found
#0 /Users/eduardorodriguez/Sites/localhost/igle_admin/vendor/codeigniter4/framework/system/Autoloader/Autoloader.php(264): include_once()
#1 /Users/eduardorodriguez/Sites/localhost/igle_admin/vendor/codeigniter4/framework/system/Autoloader/Autoloader.php(241): CodeIgniter\Autoloader\Autoloader->includeFile('/Users/eduardor...')
#2 /Users/eduardorodriguez/Sites/localhost/igle_admin/vendor/codeigniter4/framework/system/Autoloader/Autoloader.php(219): CodeIgniter\Autoloader\Autoloader->loadInNamespace('App\\Controllers...')
#3 [internal function]: CodeIgniter\Autoloader\Autoloader->loadClass('App\\Controllers...')
#4 [internal function]: spl_autoload_call('App\\Controllers...')
#5 /Users/eduardorodriguez/Sites/localhost/igle_admin/vendor/codeigniter4/framework/system/CodeIgniter.php(767): class_exists('\\App\\Controller...', true)
#6 /Users/eduardorodriguez/Sites/localhost/igle_admin/vendor/codeigniter4/framework/system/CodeIgniter.php(386): CodeIgniter\CodeIgniter->startController()
#7 /Users/eduardorodriguez/Sites/localhost/igle_admin/vendor/codeigniter4/framework/system/CodeIgniter.php(317): CodeIgniter\CodeIgniter->handleRequest(NULL, Object(Config\Cache), false)
#8 /Users/eduardorodriguez/Sites/localhost/igle_admin/public/index.php(37): CodeIgniter\CodeIgniter->run()
#9 {main}
CRITICAL - 2021-09-21 14:15:06 --> Class 'App\Controllers\Autho\BaseController' not found
#0 /Users/eduardorodriguez/Sites/localhost/igle_admin/vendor/codeigniter4/framework/system/Autoloader/Autoloader.php(264): include_once()
#1 /Users/eduardorodriguez/Sites/localhost/igle_admin/vendor/codeigniter4/framework/system/Autoloader/Autoloader.php(241): CodeIgniter\Autoloader\Autoloader->includeFile('/Users/eduardor...')
#2 /Users/eduardorodriguez/Sites/localhost/igle_admin/vendor/codeigniter4/framework/system/Autoloader/Autoloader.php(219): CodeIgniter\Autoloader\Autoloader->loadInNamespace('App\\Controllers...')
#3 [internal function]: CodeIgniter\Autoloader\Autoloader->loadClass('App\\Controllers...')
#4 [internal function]: spl_autoload_call('App\\Controllers...')
#5 /Users/eduardorodriguez/Sites/localhost/igle_admin/vendor/codeigniter4/framework/system/CodeIgniter.php(767): class_exists('\\App\\Controller...', true)
#6 /Users/eduardorodriguez/Sites/localhost/igle_admin/vendor/codeigniter4/framework/system/CodeIgniter.php(386): CodeIgniter\CodeIgniter->startController()
#7 /Users/eduardorodriguez/Sites/localhost/igle_admin/vendor/codeigniter4/framework/system/CodeIgniter.php(317): CodeIgniter\CodeIgniter->handleRequest(NULL, Object(Config\Cache), false)
#8 /Users/eduardorodriguez/Sites/localhost/igle_admin/public/index.php(37): CodeIgniter\CodeIgniter->run()
#9 {main}
CRITICAL - 2021-09-21 14:15:06 --> Class 'App\Controllers\Autho\BaseController' not found
#0 /Users/eduardorodriguez/Sites/localhost/igle_admin/vendor/codeigniter4/framework/system/Autoloader/Autoloader.php(264): include_once()
#1 /Users/eduardorodriguez/Sites/localhost/igle_admin/vendor/codeigniter4/framework/system/Autoloader/Autoloader.php(241): CodeIgniter\Autoloader\Autoloader->includeFile('/Users/eduardor...')
#2 /Users/eduardorodriguez/Sites/localhost/igle_admin/vendor/codeigniter4/framework/system/Autoloader/Autoloader.php(219): CodeIgniter\Autoloader\Autoloader->loadInNamespace('App\\Controllers...')
#3 [internal function]: CodeIgniter\Autoloader\Autoloader->loadClass('App\\Controllers...')
#4 [internal function]: spl_autoload_call('App\\Controllers...')
#5 /Users/eduardorodriguez/Sites/localhost/igle_admin/vendor/codeigniter4/framework/system/CodeIgniter.php(767): class_exists('\\App\\Controller...', true)
#6 /Users/eduardorodriguez/Sites/localhost/igle_admin/vendor/codeigniter4/framework/system/CodeIgniter.php(386): CodeIgniter\CodeIgniter->startController()
#7 /Users/eduardorodriguez/Sites/localhost/igle_admin/vendor/codeigniter4/framework/system/CodeIgniter.php(317): CodeIgniter\CodeIgniter->handleRequest(NULL, Object(Config\Cache), false)
#8 /Users/eduardorodriguez/Sites/localhost/igle_admin/public/index.php(37): CodeIgniter\CodeIgniter->run()
#9 {main}
CRITICAL - 2021-09-21 14:16:34 --> Class 'App\Controllers\Autho\BaseController' not found
#0 /Users/eduardorodriguez/Sites/localhost/igle_admin/vendor/codeigniter4/framework/system/Autoloader/Autoloader.php(264): include_once()
#1 /Users/eduardorodriguez/Sites/localhost/igle_admin/vendor/codeigniter4/framework/system/Autoloader/Autoloader.php(241): CodeIgniter\Autoloader\Autoloader->includeFile('/Users/eduardor...')
#2 /Users/eduardorodriguez/Sites/localhost/igle_admin/vendor/codeigniter4/framework/system/Autoloader/Autoloader.php(219): CodeIgniter\Autoloader\Autoloader->loadInNamespace('App\\Controllers...')
#3 [internal function]: CodeIgniter\Autoloader\Autoloader->loadClass('App\\Controllers...')
#4 [internal function]: spl_autoload_call('App\\Controllers...')
#5 /Users/eduardorodriguez/Sites/localhost/igle_admin/vendor/codeigniter4/framework/system/CodeIgniter.php(767): class_exists('\\App\\Controller...', true)
#6 /Users/eduardorodriguez/Sites/localhost/igle_admin/vendor/codeigniter4/framework/system/CodeIgniter.php(386): CodeIgniter\CodeIgniter->startController()
#7 /Users/eduardorodriguez/Sites/localhost/igle_admin/vendor/codeigniter4/framework/system/CodeIgniter.php(317): CodeIgniter\CodeIgniter->handleRequest(NULL, Object(Config\Cache), false)
#8 /Users/eduardorodriguez/Sites/localhost/igle_admin/public/index.php(37): CodeIgniter\CodeIgniter->run()
#9 {main}
CRITICAL - 2021-09-21 14:16:46 --> Class 'App\Controllers\Autho\BaseController' not found
#0 /Users/eduardorodriguez/Sites/localhost/igle_admin/vendor/codeigniter4/framework/system/Autoloader/Autoloader.php(264): include_once()
#1 /Users/eduardorodriguez/Sites/localhost/igle_admin/vendor/codeigniter4/framework/system/Autoloader/Autoloader.php(241): CodeIgniter\Autoloader\Autoloader->includeFile('/Users/eduardor...')
#2 /Users/eduardorodriguez/Sites/localhost/igle_admin/vendor/codeigniter4/framework/system/Autoloader/Autoloader.php(219): CodeIgniter\Autoloader\Autoloader->loadInNamespace('App\\Controllers...')
#3 [internal function]: CodeIgniter\Autoloader\Autoloader->loadClass('App\\Controllers...')
#4 [internal function]: spl_autoload_call('App\\Controllers...')
#5 /Users/eduardorodriguez/Sites/localhost/igle_admin/vendor/codeigniter4/framework/system/CodeIgniter.php(767): class_exists('\\App\\Controller...', true)
#6 /Users/eduardorodriguez/Sites/localhost/igle_admin/vendor/codeigniter4/framework/system/CodeIgniter.php(386): CodeIgniter\CodeIgniter->startController()
#7 /Users/eduardorodriguez/Sites/localhost/igle_admin/vendor/codeigniter4/framework/system/CodeIgniter.php(317): CodeIgniter\CodeIgniter->handleRequest(NULL, Object(Config\Cache), false)
#8 /Users/eduardorodriguez/Sites/localhost/igle_admin/public/index.php(37): CodeIgniter\CodeIgniter->run()
#9 {main}
CRITICAL - 2021-09-21 14:16:47 --> Class 'App\Controllers\Autho\BaseController' not found
#0 /Users/eduardorodriguez/Sites/localhost/igle_admin/vendor/codeigniter4/framework/system/Autoloader/Autoloader.php(264): include_once()
#1 /Users/eduardorodriguez/Sites/localhost/igle_admin/vendor/codeigniter4/framework/system/Autoloader/Autoloader.php(241): CodeIgniter\Autoloader\Autoloader->includeFile('/Users/eduardor...')
#2 /Users/eduardorodriguez/Sites/localhost/igle_admin/vendor/codeigniter4/framework/system/Autoloader/Autoloader.php(219): CodeIgniter\Autoloader\Autoloader->loadInNamespace('App\\Controllers...')
#3 [internal function]: CodeIgniter\Autoloader\Autoloader->loadClass('App\\Controllers...')
#4 [internal function]: spl_autoload_call('App\\Controllers...')
#5 /Users/eduardorodriguez/Sites/localhost/igle_admin/vendor/codeigniter4/framework/system/CodeIgniter.php(767): class_exists('\\App\\Controller...', true)
#6 /Users/eduardorodriguez/Sites/localhost/igle_admin/vendor/codeigniter4/framework/system/CodeIgniter.php(386): CodeIgniter\CodeIgniter->startController()
#7 /Users/eduardorodriguez/Sites/localhost/igle_admin/vendor/codeigniter4/framework/system/CodeIgniter.php(317): CodeIgniter\CodeIgniter->handleRequest(NULL, Object(Config\Cache), false)
#8 /Users/eduardorodriguez/Sites/localhost/igle_admin/public/index.php(37): CodeIgniter\CodeIgniter->run()
#9 {main}
CRITICAL - 2021-09-21 14:16:47 --> Class 'App\Controllers\Autho\BaseController' not found
#0 /Users/eduardorodriguez/Sites/localhost/igle_admin/vendor/codeigniter4/framework/system/Autoloader/Autoloader.php(264): include_once()
#1 /Users/eduardorodriguez/Sites/localhost/igle_admin/vendor/codeigniter4/framework/system/Autoloader/Autoloader.php(241): CodeIgniter\Autoloader\Autoloader->includeFile('/Users/eduardor...')
#2 /Users/eduardorodriguez/Sites/localhost/igle_admin/vendor/codeigniter4/framework/system/Autoloader/Autoloader.php(219): CodeIgniter\Autoloader\Autoloader->loadInNamespace('App\\Controllers...')
#3 [internal function]: CodeIgniter\Autoloader\Autoloader->loadClass('App\\Controllers...')
#4 [internal function]: spl_autoload_call('App\\Controllers...')
#5 /Users/eduardorodriguez/Sites/localhost/igle_admin/vendor/codeigniter4/framework/system/CodeIgniter.php(767): class_exists('\\App\\Controller...', true)
#6 /Users/eduardorodriguez/Sites/localhost/igle_admin/vendor/codeigniter4/framework/system/CodeIgniter.php(386): CodeIgniter\CodeIgniter->startController()
#7 /Users/eduardorodriguez/Sites/localhost/igle_admin/vendor/codeigniter4/framework/system/CodeIgniter.php(317): CodeIgniter\CodeIgniter->handleRequest(NULL, Object(Config\Cache), false)
#8 /Users/eduardorodriguez/Sites/localhost/igle_admin/public/index.php(37): CodeIgniter\CodeIgniter->run()
#9 {main}
CRITICAL - 2021-09-21 14:16:47 --> Class 'App\Controllers\Autho\BaseController' not found
#0 /Users/eduardorodriguez/Sites/localhost/igle_admin/vendor/codeigniter4/framework/system/Autoloader/Autoloader.php(264): include_once()
#1 /Users/eduardorodriguez/Sites/localhost/igle_admin/vendor/codeigniter4/framework/system/Autoloader/Autoloader.php(241): CodeIgniter\Autoloader\Autoloader->includeFile('/Users/eduardor...')
#2 /Users/eduardorodriguez/Sites/localhost/igle_admin/vendor/codeigniter4/framework/system/Autoloader/Autoloader.php(219): CodeIgniter\Autoloader\Autoloader->loadInNamespace('App\\Controllers...')
#3 [internal function]: CodeIgniter\Autoloader\Autoloader->loadClass('App\\Controllers...')
#4 [internal function]: spl_autoload_call('App\\Controllers...')
#5 /Users/eduardorodriguez/Sites/localhost/igle_admin/vendor/codeigniter4/framework/system/CodeIgniter.php(767): class_exists('\\App\\Controller...', true)
#6 /Users/eduardorodriguez/Sites/localhost/igle_admin/vendor/codeigniter4/framework/system/CodeIgniter.php(386): CodeIgniter\CodeIgniter->startController()
#7 /Users/eduardorodriguez/Sites/localhost/igle_admin/vendor/codeigniter4/framework/system/CodeIgniter.php(317): CodeIgniter\CodeIgniter->handleRequest(NULL, Object(Config\Cache), false)
#8 /Users/eduardorodriguez/Sites/localhost/igle_admin/public/index.php(37): CodeIgniter\CodeIgniter->run()
#9 {main}
CRITICAL - 2021-09-21 14:16:48 --> Class 'App\Controllers\Autho\BaseController' not found
#0 /Users/eduardorodriguez/Sites/localhost/igle_admin/vendor/codeigniter4/framework/system/Autoloader/Autoloader.php(264): include_once()
#1 /Users/eduardorodriguez/Sites/localhost/igle_admin/vendor/codeigniter4/framework/system/Autoloader/Autoloader.php(241): CodeIgniter\Autoloader\Autoloader->includeFile('/Users/eduardor...')
#2 /Users/eduardorodriguez/Sites/localhost/igle_admin/vendor/codeigniter4/framework/system/Autoloader/Autoloader.php(219): CodeIgniter\Autoloader\Autoloader->loadInNamespace('App\\Controllers...')
#3 [internal function]: CodeIgniter\Autoloader\Autoloader->loadClass('App\\Controllers...')
#4 [internal function]: spl_autoload_call('App\\Controllers...')
#5 /Users/eduardorodriguez/Sites/localhost/igle_admin/vendor/codeigniter4/framework/system/CodeIgniter.php(767): class_exists('\\App\\Controller...', true)
#6 /Users/eduardorodriguez/Sites/localhost/igle_admin/vendor/codeigniter4/framework/system/CodeIgniter.php(386): CodeIgniter\CodeIgniter->startController()
#7 /Users/eduardorodriguez/Sites/localhost/igle_admin/vendor/codeigniter4/framework/system/CodeIgniter.php(317): CodeIgniter\CodeIgniter->handleRequest(NULL, Object(Config\Cache), false)
#8 /Users/eduardorodriguez/Sites/localhost/igle_admin/public/index.php(37): CodeIgniter\CodeIgniter->run()
#9 {main}
CRITICAL - 2021-09-21 14:20:06 --> Cannot declare class App\Controllers\Register, because the name is already in use
#0 [internal function]: CodeIgniter\Debug\Exceptions->shutdownHandler()
#1 {main}
CRITICAL - 2021-09-21 14:20:31 --> Cannot declare class App\Controllers\Register, because the name is already in use
#0 [internal function]: CodeIgniter\Debug\Exceptions->shutdownHandler()
#1 {main}
CRITICAL - 2021-09-21 14:20:32 --> Cannot declare class App\Controllers\Register, because the name is already in use
#0 [internal function]: CodeIgniter\Debug\Exceptions->shutdownHandler()
#1 {main}
CRITICAL - 2021-09-21 14:21:33 --> Class 'App\Controllers\Autho\BaseController' not found
#0 /Users/eduardorodriguez/Sites/localhost/igle_admin/vendor/codeigniter4/framework/system/Autoloader/Autoloader.php(264): include_once()
#1 /Users/eduardorodriguez/Sites/localhost/igle_admin/vendor/codeigniter4/framework/system/Autoloader/Autoloader.php(241): CodeIgniter\Autoloader\Autoloader->includeFile('/Users/eduardor...')
#2 /Users/eduardorodriguez/Sites/localhost/igle_admin/vendor/codeigniter4/framework/system/Autoloader/Autoloader.php(219): CodeIgniter\Autoloader\Autoloader->loadInNamespace('App\\Controllers...')
#3 [internal function]: CodeIgniter\Autoloader\Autoloader->loadClass('App\\Controllers...')
#4 [internal function]: spl_autoload_call('App\\Controllers...')
#5 /Users/eduardorodriguez/Sites/localhost/igle_admin/vendor/codeigniter4/framework/system/CodeIgniter.php(767): class_exists('\\App\\Controller...', true)
#6 /Users/eduardorodriguez/Sites/localhost/igle_admin/vendor/codeigniter4/framework/system/CodeIgniter.php(386): CodeIgniter\CodeIgniter->startController()
#7 /Users/eduardorodriguez/Sites/localhost/igle_admin/vendor/codeigniter4/framework/system/CodeIgniter.php(317): CodeIgniter\CodeIgniter->handleRequest(NULL, Object(Config\Cache), false)
#8 /Users/eduardorodriguez/Sites/localhost/igle_admin/public/index.php(37): CodeIgniter\CodeIgniter->run()
#9 {main}
CRITICAL - 2021-09-21 14:21:34 --> Class 'App\Controllers\Autho\BaseController' not found
#0 /Users/eduardorodriguez/Sites/localhost/igle_admin/vendor/codeigniter4/framework/system/Autoloader/Autoloader.php(264): include_once()
#1 /Users/eduardorodriguez/Sites/localhost/igle_admin/vendor/codeigniter4/framework/system/Autoloader/Autoloader.php(241): CodeIgniter\Autoloader\Autoloader->includeFile('/Users/eduardor...')
#2 /Users/eduardorodriguez/Sites/localhost/igle_admin/vendor/codeigniter4/framework/system/Autoloader/Autoloader.php(219): CodeIgniter\Autoloader\Autoloader->loadInNamespace('App\\Controllers...')
#3 [internal function]: CodeIgniter\Autoloader\Autoloader->loadClass('App\\Controllers...')
#4 [internal function]: spl_autoload_call('App\\Controllers...')
#5 /Users/eduardorodriguez/Sites/localhost/igle_admin/vendor/codeigniter4/framework/system/CodeIgniter.php(767): class_exists('\\App\\Controller...', true)
#6 /Users/eduardorodriguez/Sites/localhost/igle_admin/vendor/codeigniter4/framework/system/CodeIgniter.php(386): CodeIgniter\CodeIgniter->startController()
#7 /Users/eduardorodriguez/Sites/localhost/igle_admin/vendor/codeigniter4/framework/system/CodeIgniter.php(317): CodeIgniter\CodeIgniter->handleRequest(NULL, Object(Config\Cache), false)
#8 /Users/eduardorodriguez/Sites/localhost/igle_admin/public/index.php(37): CodeIgniter\CodeIgniter->run()
#9 {main}
CRITICAL - 2021-09-21 14:21:42 --> Class 'App\Controllers\Autho\BaseController' not found
#0 /Users/eduardorodriguez/Sites/localhost/igle_admin/vendor/codeigniter4/framework/system/Autoloader/Autoloader.php(264): include_once()
#1 /Users/eduardorodriguez/Sites/localhost/igle_admin/vendor/codeigniter4/framework/system/Autoloader/Autoloader.php(241): CodeIgniter\Autoloader\Autoloader->includeFile('/Users/eduardor...')
#2 /Users/eduardorodriguez/Sites/localhost/igle_admin/vendor/codeigniter4/framework/system/Autoloader/Autoloader.php(219): CodeIgniter\Autoloader\Autoloader->loadInNamespace('App\\Controllers...')
#3 [internal function]: CodeIgniter\Autoloader\Autoloader->loadClass('App\\Controllers...')
#4 [internal function]: spl_autoload_call('App\\Controllers...')
#5 /Users/eduardorodriguez/Sites/localhost/igle_admin/vendor/codeigniter4/framework/system/CodeIgniter.php(767): class_exists('\\App\\Controller...', true)
#6 /Users/eduardorodriguez/Sites/localhost/igle_admin/vendor/codeigniter4/framework/system/CodeIgniter.php(386): CodeIgniter\CodeIgniter->startController()
#7 /Users/eduardorodriguez/Sites/localhost/igle_admin/vendor/codeigniter4/framework/system/CodeIgniter.php(317): CodeIgniter\CodeIgniter->handleRequest(NULL, Object(Config\Cache), false)
#8 /Users/eduardorodriguez/Sites/localhost/igle_admin/public/index.php(37): CodeIgniter\CodeIgniter->run()
#9 {main}
CRITICAL - 2021-09-21 14:21:43 --> Class 'App\Controllers\Autho\BaseController' not found
#0 /Users/eduardorodriguez/Sites/localhost/igle_admin/vendor/codeigniter4/framework/system/Autoloader/Autoloader.php(264): include_once()
#1 /Users/eduardorodriguez/Sites/localhost/igle_admin/vendor/codeigniter4/framework/system/Autoloader/Autoloader.php(241): CodeIgniter\Autoloader\Autoloader->includeFile('/Users/eduardor...')
#2 /Users/eduardorodriguez/Sites/localhost/igle_admin/vendor/codeigniter4/framework/system/Autoloader/Autoloader.php(219): CodeIgniter\Autoloader\Autoloader->loadInNamespace('App\\Controllers...')
#3 [internal function]: CodeIgniter\Autoloader\Autoloader->loadClass('App\\Controllers...')
#4 [internal function]: spl_autoload_call('App\\Controllers...')
#5 /Users/eduardorodriguez/Sites/localhost/igle_admin/vendor/codeigniter4/framework/system/CodeIgniter.php(767): class_exists('\\App\\Controller...', true)
#6 /Users/eduardorodriguez/Sites/localhost/igle_admin/vendor/codeigniter4/framework/system/CodeIgniter.php(386): CodeIgniter\CodeIgniter->startController()
#7 /Users/eduardorodriguez/Sites/localhost/igle_admin/vendor/codeigniter4/framework/system/CodeIgniter.php(317): CodeIgniter\CodeIgniter->handleRequest(NULL, Object(Config\Cache), false)
#8 /Users/eduardorodriguez/Sites/localhost/igle_admin/public/index.php(37): CodeIgniter\CodeIgniter->run()
#9 {main}
CRITICAL - 2021-09-21 14:21:43 --> Class 'App\Controllers\Autho\BaseController' not found
#0 /Users/eduardorodriguez/Sites/localhost/igle_admin/vendor/codeigniter4/framework/system/Autoloader/Autoloader.php(264): include_once()
#1 /Users/eduardorodriguez/Sites/localhost/igle_admin/vendor/codeigniter4/framework/system/Autoloader/Autoloader.php(241): CodeIgniter\Autoloader\Autoloader->includeFile('/Users/eduardor...')
#2 /Users/eduardorodriguez/Sites/localhost/igle_admin/vendor/codeigniter4/framework/system/Autoloader/Autoloader.php(219): CodeIgniter\Autoloader\Autoloader->loadInNamespace('App\\Controllers...')
#3 [internal function]: CodeIgniter\Autoloader\Autoloader->loadClass('App\\Controllers...')
#4 [internal function]: spl_autoload_call('App\\Controllers...')
#5 /Users/eduardorodriguez/Sites/localhost/igle_admin/vendor/codeigniter4/framework/system/CodeIgniter.php(767): class_exists('\\App\\Controller...', true)
#6 /Users/eduardorodriguez/Sites/localhost/igle_admin/vendor/codeigniter4/framework/system/CodeIgniter.php(386): CodeIgniter\CodeIgniter->startController()
#7 /Users/eduardorodriguez/Sites/localhost/igle_admin/vendor/codeigniter4/framework/system/CodeIgniter.php(317): CodeIgniter\CodeIgniter->handleRequest(NULL, Object(Config\Cache), false)
#8 /Users/eduardorodriguez/Sites/localhost/igle_admin/public/index.php(37): CodeIgniter\CodeIgniter->run()
#9 {main}
CRITICAL - 2021-09-21 14:56:38 --> syntax error, unexpected 'User' (T_STRING)
#0 /Users/eduardorodriguez/Sites/localhost/igle_admin/vendor/codeigniter4/framework/system/Autoloader/Autoloader.php(241): CodeIgniter\Autoloader\Autoloader->includeFile('/Users/eduardor...')
#1 /Users/eduardorodriguez/Sites/localhost/igle_admin/vendor/codeigniter4/framework/system/Autoloader/Autoloader.php(219): CodeIgniter\Autoloader\Autoloader->loadInNamespace('App\\Controllers...')
#2 [internal function]: CodeIgniter\Autoloader\Autoloader->loadClass('App\\Controllers...')
#3 [internal function]: spl_autoload_call('App\\Controllers...')
#4 /Users/eduardorodriguez/Sites/localhost/igle_admin/vendor/codeigniter4/framework/system/CodeIgniter.php(767): class_exists('\\App\\Controller...', true)
#5 /Users/eduardorodriguez/Sites/localhost/igle_admin/vendor/codeigniter4/framework/system/CodeIgniter.php(386): CodeIgniter\CodeIgniter->startController()
#6 /Users/eduardorodriguez/Sites/localhost/igle_admin/vendor/codeigniter4/framework/system/CodeIgniter.php(317): CodeIgniter\CodeIgniter->handleRequest(NULL, Object(Config\Cache), false)
#7 /Users/eduardorodriguez/Sites/localhost/igle_admin/public/index.php(37): CodeIgniter\CodeIgniter->run()
#8 {main}
CRITICAL - 2021-09-21 14:57:19 --> Cannot declare class App\Entities\ClassName, because the name is already in use
#0 [internal function]: CodeIgniter\Debug\Exceptions->shutdownHandler()
#1 {main}
CRITICAL - 2021-09-21 14:57:21 --> Cannot declare class App\Entities\ClassName, because the name is already in use
#0 [internal function]: CodeIgniter\Debug\Exceptions->shutdownHandler()
#1 {main}
CRITICAL - 2021-09-21 15:11:41 --> syntax error, unexpected ';', expecting ')'
#0 /Users/eduardorodriguez/Sites/localhost/igle_admin/vendor/codeigniter4/framework/system/Autoloader/Autoloader.php(241): CodeIgniter\Autoloader\Autoloader->includeFile('/Users/eduardor...')
#1 /Users/eduardorodriguez/Sites/localhost/igle_admin/vendor/codeigniter4/framework/system/Autoloader/Autoloader.php(219): CodeIgniter\Autoloader\Autoloader->loadInNamespace('App\\Controllers...')
#2 [internal function]: CodeIgniter\Autoloader\Autoloader->loadClass('App\\Controllers...')
#3 [internal function]: spl_autoload_call('App\\Controllers...')
#4 /Users/eduardorodriguez/Sites/localhost/igle_admin/vendor/codeigniter4/framework/system/CodeIgniter.php(767): class_exists('\\App\\Controller...', true)
#5 /Users/eduardorodriguez/Sites/localhost/igle_admin/vendor/codeigniter4/framework/system/CodeIgniter.php(386): CodeIgniter\CodeIgniter->startController()
#6 /Users/eduardorodriguez/Sites/localhost/igle_admin/vendor/codeigniter4/framework/system/CodeIgniter.php(317): CodeIgniter\CodeIgniter->handleRequest(NULL, Object(Config\Cache), false)
#7 /Users/eduardorodriguez/Sites/localhost/igle_admin/public/index.php(37): CodeIgniter\CodeIgniter->run()
#8 {main}
CRITICAL - 2021-09-21 15:26:57 --> explode(): Empty delimiter
#0 [internal function]: CodeIgniter\Debug\Exceptions->errorHandler(2, 'explode(): Empt...', '/Users/eduardor...', 17, Array)
#1 /Users/eduardorodriguez/Sites/localhost/igle_admin/app/Entities/User.php(17): explode('', 'jerson')
#2 /Users/eduardorodriguez/Sites/localhost/igle_admin/app/Controllers/Auth/Register.php(20): App\Entities\User->generateUsername()
#3 /Users/eduardorodriguez/Sites/localhost/igle_admin/vendor/codeigniter4/framework/system/CodeIgniter.php(802): App\Controllers\Auth\Register->index()
#4 /Users/eduardorodriguez/Sites/localhost/igle_admin/vendor/codeigniter4/framework/system/CodeIgniter.php(399): CodeIgniter\CodeIgniter->runController(Object(App\Controllers\Auth\Register))
#5 /Users/eduardorodriguez/Sites/localhost/igle_admin/vendor/codeigniter4/framework/system/CodeIgniter.php(317): CodeIgniter\CodeIgniter->handleRequest(NULL, Object(Config\Cache), false)
#6 /Users/eduardorodriguez/Sites/localhost/igle_admin/public/index.php(37): CodeIgniter\CodeIgniter->run()
#7 {main}
CRITICAL - 2021-09-21 15:27:13 --> explode(): Empty delimiter
#0 [internal function]: CodeIgniter\Debug\Exceptions->errorHandler(2, 'explode(): Empt...', '/Users/eduardor...', 17, Array)
#1 /Users/eduardorodriguez/Sites/localhost/igle_admin/app/Entities/User.php(17): explode('', 'jerson')
#2 /Users/eduardorodriguez/Sites/localhost/igle_admin/app/Controllers/Auth/Register.php(20): App\Entities\User->generateUsername()
#3 /Users/eduardorodriguez/Sites/localhost/igle_admin/vendor/codeigniter4/framework/system/CodeIgniter.php(802): App\Controllers\Auth\Register->index()
#4 /Users/eduardorodriguez/Sites/localhost/igle_admin/vendor/codeigniter4/framework/system/CodeIgniter.php(399): CodeIgniter\CodeIgniter->runController(Object(App\Controllers\Auth\Register))
#5 /Users/eduardorodriguez/Sites/localhost/igle_admin/vendor/codeigniter4/framework/system/CodeIgniter.php(317): CodeIgniter\CodeIgniter->handleRequest(NULL, Object(Config\Cache), false)
#6 /Users/eduardorodriguez/Sites/localhost/igle_admin/public/index.php(37): CodeIgniter\CodeIgniter->run()
#7 {main}
CRITICAL - 2021-09-21 15:34:52 --> Use of undefined constant r - assumed 'r' (this will throw an Error in a future version of PHP)
#0 /Users/eduardorodriguez/Sites/localhost/igle_admin/app/Entities/User.php(17): CodeIgniter\Debug\Exceptions->errorHandler(2, 'Use of undefine...', '/Users/eduardor...', 17, Array)
#1 /Users/eduardorodriguez/Sites/localhost/igle_admin/app/Controllers/Auth/Register.php(20): App\Entities\User->generateUsername()
#2 /Users/eduardorodriguez/Sites/localhost/igle_admin/vendor/codeigniter4/framework/system/CodeIgniter.php(802): App\Controllers\Auth\Register->index()
#3 /Users/eduardorodriguez/Sites/localhost/igle_admin/vendor/codeigniter4/framework/system/CodeIgniter.php(399): CodeIgniter\CodeIgniter->runController(Object(App\Controllers\Auth\Register))
#4 /Users/eduardorodriguez/Sites/localhost/igle_admin/vendor/codeigniter4/framework/system/CodeIgniter.php(317): CodeIgniter\CodeIgniter->handleRequest(NULL, Object(Config\Cache), false)
#5 /Users/eduardorodriguez/Sites/localhost/igle_admin/public/index.php(37): CodeIgniter\CodeIgniter->run()
#6 {main}
CRITICAL - 2021-09-21 15:56:59 --> Class 'App\Controllers\Auth\users' not found
#0 /Users/eduardorodriguez/Sites/localhost/igle_admin/vendor/codeigniter4/framework/system/CodeIgniter.php(802): App\Controllers\Auth\Register->index()
#1 /Users/eduardorodriguez/Sites/localhost/igle_admin/vendor/codeigniter4/framework/system/CodeIgniter.php(399): CodeIgniter\CodeIgniter->runController(Object(App\Controllers\Auth\Register))
#2 /Users/eduardorodriguez/Sites/localhost/igle_admin/vendor/codeigniter4/framework/system/CodeIgniter.php(317): CodeIgniter\CodeIgniter->handleRequest(NULL, Object(Config\Cache), false)
#3 /Users/eduardorodriguez/Sites/localhost/igle_admin/public/index.php(37): CodeIgniter\CodeIgniter->run()
#4 {main}
CRITICAL - 2021-09-21 15:59:48 --> Class 'App\Controllers\Auth\users' not found
#0 /Users/eduardorodriguez/Sites/localhost/igle_admin/vendor/codeigniter4/framework/system/CodeIgniter.php(802): App\Controllers\Auth\Register->index()
#1 /Users/eduardorodriguez/Sites/localhost/igle_admin/vendor/codeigniter4/framework/system/CodeIgniter.php(399): CodeIgniter\CodeIgniter->runController(Object(App\Controllers\Auth\Register))
#2 /Users/eduardorodriguez/Sites/localhost/igle_admin/vendor/codeigniter4/framework/system/CodeIgniter.php(317): CodeIgniter\CodeIgniter->handleRequest(NULL, Object(Config\Cache), false)
#3 /Users/eduardorodriguez/Sites/localhost/igle_admin/public/index.php(37): CodeIgniter\CodeIgniter->run()
#4 {main}
CRITICAL - 2021-09-21 15:59:59 --> Class 'App\Controllers\Auth\users' not found
#0 /Users/eduardorodriguez/Sites/localhost/igle_admin/vendor/codeigniter4/framework/system/CodeIgniter.php(802): App\Controllers\Auth\Register->index()
#1 /Users/eduardorodriguez/Sites/localhost/igle_admin/vendor/codeigniter4/framework/system/CodeIgniter.php(399): CodeIgniter\CodeIgniter->runController(Object(App\Controllers\Auth\Register))
#2 /Users/eduardorodriguez/Sites/localhost/igle_admin/vendor/codeigniter4/framework/system/CodeIgniter.php(317): CodeIgniter\CodeIgniter->handleRequest(NULL, Object(Config\Cache), false)
#3 /Users/eduardorodriguez/Sites/localhost/igle_admin/public/index.php(37): CodeIgniter\CodeIgniter->run()
#4 {main}
CRITICAL - 2021-09-21 16:00:24 --> Class 'App\Controllers\Auth\users' not found
#0 /Users/eduardorodriguez/Sites/localhost/igle_admin/vendor/codeigniter4/framework/system/CodeIgniter.php(802): App\Controllers\Auth\Register->index()
#1 /Users/eduardorodriguez/Sites/localhost/igle_admin/vendor/codeigniter4/framework/system/CodeIgniter.php(399): CodeIgniter\CodeIgniter->runController(Object(App\Controllers\Auth\Register))
#2 /Users/eduardorodriguez/Sites/localhost/igle_admin/vendor/codeigniter4/framework/system/CodeIgniter.php(317): CodeIgniter\CodeIgniter->handleRequest(NULL, Object(Config\Cache), false)
#3 /Users/eduardorodriguez/Sites/localhost/igle_admin/public/index.php(37): CodeIgniter\CodeIgniter->run()
#4 {main}
CRITICAL - 2021-09-21 16:00:36 --> Class 'App\Controllers\Auth\users' not found
#0 /Users/eduardorodriguez/Sites/localhost/igle_admin/vendor/codeigniter4/framework/system/CodeIgniter.php(802): App\Controllers\Auth\Register->index()
#1 /Users/eduardorodriguez/Sites/localhost/igle_admin/vendor/codeigniter4/framework/system/CodeIgniter.php(399): CodeIgniter\CodeIgniter->runController(Object(App\Controllers\Auth\Register))
#2 /Users/eduardorodriguez/Sites/localhost/igle_admin/vendor/codeigniter4/framework/system/CodeIgniter.php(317): CodeIgniter\CodeIgniter->handleRequest(NULL, Object(Config\Cache), false)
#3 /Users/eduardorodriguez/Sites/localhost/igle_admin/public/index.php(37): CodeIgniter\CodeIgniter->run()
#4 {main}
CRITICAL - 2021-09-21 16:02:27 --> Call to a member function save() on null
#0 /Users/eduardorodriguez/Sites/localhost/igle_admin/vendor/codeigniter4/framework/system/CodeIgniter.php(802): App\Controllers\Auth\Register->index()
#1 /Users/eduardorodriguez/Sites/localhost/igle_admin/vendor/codeigniter4/framework/system/CodeIgniter.php(399): CodeIgniter\CodeIgniter->runController(Object(App\Controllers\Auth\Register))
#2 /Users/eduardorodriguez/Sites/localhost/igle_admin/vendor/codeigniter4/framework/system/CodeIgniter.php(317): CodeIgniter\CodeIgniter->handleRequest(NULL, Object(Config\Cache), false)
#3 /Users/eduardorodriguez/Sites/localhost/igle_admin/public/index.php(37): CodeIgniter\CodeIgniter->run()
#4 {main}
CRITICAL - 2021-09-21 16:03:39 --> Class 'App\Controllers\users' not found
#0 /Users/eduardorodriguez/Sites/localhost/igle_admin/vendor/codeigniter4/framework/system/CodeIgniter.php(802): App\Controllers\login->login()
#1 /Users/eduardorodriguez/Sites/localhost/igle_admin/vendor/codeigniter4/framework/system/CodeIgniter.php(399): CodeIgniter\CodeIgniter->runController(Object(App\Controllers\login))
#2 /Users/eduardorodriguez/Sites/localhost/igle_admin/vendor/codeigniter4/framework/system/CodeIgniter.php(317): CodeIgniter\CodeIgniter->handleRequest(NULL, Object(Config\Cache), false)
#3 /Users/eduardorodriguez/Sites/localhost/igle_admin/public/index.php(37): CodeIgniter\CodeIgniter->run()
#4 {main}
CRITICAL - 2021-09-21 16:04:23 --> Call to a member function save() on null
#0 /Users/eduardorodriguez/Sites/localhost/igle_admin/vendor/codeigniter4/framework/system/CodeIgniter.php(802): App\Controllers\Auth\Register->index()
#1 /Users/eduardorodriguez/Sites/localhost/igle_admin/vendor/codeigniter4/framework/system/CodeIgniter.php(399): CodeIgniter\CodeIgniter->runController(Object(App\Controllers\Auth\Register))
#2 /Users/eduardorodriguez/Sites/localhost/igle_admin/vendor/codeigniter4/framework/system/CodeIgniter.php(317): CodeIgniter\CodeIgniter->handleRequest(NULL, Object(Config\Cache), false)
#3 /Users/eduardorodriguez/Sites/localhost/igle_admin/public/index.php(37): CodeIgniter\CodeIgniter->run()
#4 {main}
CRITICAL - 2021-09-21 16:08:54 --> Class 'App\Controllers\users' not found
#0 /Users/eduardorodriguez/Sites/localhost/igle_admin/vendor/codeigniter4/framework/system/CodeIgniter.php(802): App\Controllers\login->login()
#1 /Users/eduardorodriguez/Sites/localhost/igle_admin/vendor/codeigniter4/framework/system/CodeIgniter.php(399): CodeIgniter\CodeIgniter->runController(Object(App\Controllers\login))
#2 /Users/eduardorodriguez/Sites/localhost/igle_admin/vendor/codeigniter4/framework/system/CodeIgniter.php(317): CodeIgniter\CodeIgniter->handleRequest(NULL, Object(Config\Cache), false)
#3 /Users/eduardorodriguez/Sites/localhost/igle_admin/public/index.php(37): CodeIgniter\CodeIgniter->run()
#4 {main}
ERROR - 2021-09-21 16:11:16 --> Duplicate entry '' for key 'usuario'
ERROR - 2021-09-21 21:02:56 --> Duplicate entry 'jerson@usuario.com' for key 'usuario'
